#
# There is insufficient memory for the Java Runtime Environment to continue.
# Native memory allocation (malloc) failed to allocate 1233696 bytes for Chunk::new
# Possible reasons:
#   The system is out of physical RAM or swap space
#   In 32 bit mode, the process size limit was hit
# Possible solutions:
#   Reduce memory load on the system
#   Increase physical memory or swap space
#   Check if swap backing store is full
#   Use 64 bit Java on a 64 bit OS
#   Decrease Java heap size (-Xmx/-Xms)
#   Decrease number of Java threads
#   Decrease Java thread stack sizes (-Xss)
#   Set larger code cache with -XX:ReservedCodeCacheSize=
# This output file may be truncated or incomplete.
#
#  Out of Memory Error (allocation.cpp:390), pid=25096, tid=28660
#
# JRE version: Java(TM) SE Runtime Environment (8.0_91-b15) (build 1.8.0_91-b15)
# Java VM: Java HotSpot(TM) 64-Bit Server VM (25.91-b15 mixed mode windows-amd64 compressed oops)
# Failed to write core dump. Minidumps are not enabled by default on client versions of Windows
#

---------------  T H R E A D  ---------------

Current thread (0x0000000015ac9000):  JavaThread "C2 CompilerThread0" daemon [_thread_in_native, id=28660, stack(0x0000000017020000,0x0000000017120000)]

Stack: [0x0000000017020000,0x0000000017120000]
[error occurred during error reporting (printing stack bounds), id 0xc0000005]

Native frames: (J=compiled Java code, j=interpreted, Vv=VM code, C=native code)


Current CompileTask:
C2:  14974 1735   !   4       com.android.dx.cf.code.RopperMachine::run (1550 bytes)


---------------  P R O C E S S  ---------------

Java Threads: ( => current thread )
  0x00000000173f6800 JavaThread "pool-2-thread-4" [_thread_in_Java, id=7076, stack(0x0000000017d20000,0x0000000017e20000)]
  0x00000000173f1800 JavaThread "pool-3-thread-1" [_thread_blocked, id=21028, stack(0x0000000017a20000,0x0000000017b20000)]
  0x0000000017180000 JavaThread "Service Thread" daemon [_thread_blocked, id=6224, stack(0x0000000017720000,0x0000000017820000)]
  0x0000000017179800 JavaThread "C1 CompilerThread2" daemon [_thread_blocked, id=12324, stack(0x0000000017620000,0x0000000017720000)]
  0x000000001716f000 JavaThread "C2 CompilerThread1" daemon [_thread_in_native, id=27040, stack(0x0000000017520000,0x0000000017620000)]
=>0x0000000015ac9000 JavaThread "C2 CompilerThread0" daemon [_thread_in_native, id=28660, stack(0x0000000017020000,0x0000000017120000)]
  0x0000000015a7d800 JavaThread "Attach Listener" daemon [_thread_blocked, id=1800, stack(0x0000000016f20000,0x0000000017020000)]
  0x0000000015a7d000 JavaThread "Signal Dispatcher" daemon [_thread_blocked, id=18408, stack(0x0000000016e20000,0x0000000016f20000)]
  0x0000000003394800 JavaThread "Finalizer" daemon [_thread_blocked, id=8728, stack(0x0000000016cc0000,0x0000000016dc0000)]
  0x000000000338f000 JavaThread "Reference Handler" daemon [_thread_blocked, id=27504, stack(0x0000000016bc0000,0x0000000016cc0000)]
  0x00000000032a0800 JavaThread "main" [_thread_blocked, id=13428, stack(0x0000000003170000,0x0000000003270000)]

Other Threads:
  0x0000000015a38000 VMThread [stack: 0x0000000016ac0000,0x0000000016bc0000] [id=19476]
  0x00000000171cb800 WatcherThread [stack: 0x0000000017820000,0x0000000017920000] [id=25624]

VM state:not at safepoint (normal execution)

VM Mutex/Monitor currently owned by a thread: None

Heap:
 PSYoungGen      total 53248K, used 49032K [0x00000000eab00000, 0x00000000f1300000, 0x0000000100000000)
  eden space 49152K, 91% used [0x00000000eab00000,0x00000000ed6e4010,0x00000000edb00000)
  from space 4096K, 99% used [0x00000000edb00000,0x00000000edefe010,0x00000000edf00000)
  to   space 4096K, 0% used [0x00000000f0f00000,0x00000000f0f00000,0x00000000f1300000)
 ParOldGen       total 65536K, used 11106K [0x00000000c0000000, 0x00000000c4000000, 0x00000000eab00000)
  object space 65536K, 16% used [0x00000000c0000000,0x00000000c0ad8940,0x00000000c4000000)
 Metaspace       used 6250K, capacity 7094K, committed 7296K, reserved 1056768K
  class space    used 602K, capacity 622K, committed 640K, reserved 1048576K

Card table byte_map: [0x0000000012760000,0x0000000012970000] byte_map_base: 0x0000000012160000

Marking Bits: (ParMarkBitMap*) 0x0000000068512f70
 Begin Bits: [0x0000000012ed0000, 0x0000000013ed0000)
 End Bits:   [0x0000000013ed0000, 0x0000000014ed0000)

Polling page: 0x0000000001670000

CodeCache: size=245760Kb used=8123Kb max_used=8123Kb free=237636Kb
 bounds [0x00000000033a0000, 0x0000000003ba0000, 0x00000000123a0000]
 total_blobs=1974 nmethods=1703 adapters=184
 compilation: enabled

Compilation events (10 events):
Event: 14.748 Thread 0x0000000017179800 nmethod 1731 0x0000000003b58e90 code [0x0000000003b59340, 0x0000000003b5cef8]
Event: 14.748 Thread 0x000000001716f000 1732       4       com.android.dx.ssa.back.FirstFitLocalCombiningAllocator::tryMapRegs (110 bytes)
Event: 14.801 Thread 0x0000000015ac9000 nmethod 1729% 0x0000000003b73b50 code [0x0000000003b73de0, 0x0000000003b75870]
Event: 14.803 Thread 0x0000000015ac9000 1733       4       com.android.dx.ssa.back.FirstFitLocalCombiningAllocator$Alignment$3::nextClearBit (6 bytes)
Event: 14.804 Thread 0x0000000015ac9000 nmethod 1733 0x0000000003aaf7d0 code [0x0000000003aaf920, 0x0000000003aafa58]
Event: 14.805 Thread 0x0000000017179800 1734       3       com.android.dx.dex.file.AnnotationSetItem::<init> (83 bytes)
Event: 14.806 Thread 0x0000000017179800 nmethod 1734 0x0000000003b0f690 code [0x0000000003b0f940, 0x0000000003b10da8]
Event: 14.807 Thread 0x0000000015ac9000 1735   !   4       com.android.dx.cf.code.RopperMachine::run (1550 bytes)
Event: 14.880 Thread 0x0000000017179800 1739   !   3       com.android.dx.cf.code.BytecodeArray::parseInstruction (2764 bytes)
Event: 14.898 Thread 0x0000000017179800 nmethod 1739 0x0000000003b77850 code [0x0000000003b78f80, 0x0000000003b896a8]

GC Heap History (6 events):
Event: 4.560 GC heap before
{Heap before GC invocations=1 (full 0):
 PSYoungGen      total 28672K, used 24576K [0x00000000eab00000, 0x00000000ecb00000, 0x0000000100000000)
  eden space 24576K, 100% used [0x00000000eab00000,0x00000000ec300000,0x00000000ec300000)
  from space 4096K, 0% used [0x00000000ec700000,0x00000000ec700000,0x00000000ecb00000)
  to   space 4096K, 0% used [0x00000000ec300000,0x00000000ec300000,0x00000000ec700000)
 ParOldGen       total 65536K, used 0K [0x00000000c0000000, 0x00000000c4000000, 0x00000000eab00000)
  object space 65536K, 0% used [0x00000000c0000000,0x00000000c0000000,0x00000000c4000000)
 Metaspace       used 5969K, capacity 6836K, committed 7040K, reserved 1056768K
  class space    used 600K, capacity 620K, committed 640K, reserved 1048576K
Event: 5.720 GC heap after
Heap after GC invocations=1 (full 0):
 PSYoungGen      total 28672K, used 4079K [0x00000000eab00000, 0x00000000ee300000, 0x0000000100000000)
  eden space 24576K, 0% used [0x00000000eab00000,0x00000000eab00000,0x00000000ec300000)
  from space 4096K, 99% used [0x00000000ec300000,0x00000000ec6fbca8,0x00000000ec700000)
  to   space 4096K, 0% used [0x00000000edf00000,0x00000000edf00000,0x00000000ee300000)
 ParOldGen       total 65536K, used 1259K [0x00000000c0000000, 0x00000000c4000000, 0x00000000eab00000)
  object space 65536K, 1% used [0x00000000c0000000,0x00000000c013ad60,0x00000000c4000000)
 Metaspace       used 5969K, capacity 6836K, committed 7040K, reserved 1056768K
  class space    used 600K, capacity 620K, committed 640K, reserved 1048576K
}
Event: 7.944 GC heap before
{Heap before GC invocations=2 (full 0):
 PSYoungGen      total 28672K, used 28655K [0x00000000eab00000, 0x00000000ee300000, 0x0000000100000000)
  eden space 24576K, 100% used [0x00000000eab00000,0x00000000ec300000,0x00000000ec300000)
  from space 4096K, 99% used [0x00000000ec300000,0x00000000ec6fbca8,0x00000000ec700000)
  to   space 4096K, 0% used [0x00000000edf00000,0x00000000edf00000,0x00000000ee300000)
 ParOldGen       total 65536K, used 1259K [0x00000000c0000000, 0x00000000c4000000, 0x00000000eab00000)
  object space 65536K, 1% used [0x00000000c0000000,0x00000000c013ad60,0x00000000c4000000)
 Metaspace       used 6180K, capacity 7028K, committed 7296K, reserved 1056768K
  class space    used 600K, capacity 620K, committed 640K, reserved 1048576K
Event: 8.738 GC heap after
Heap after GC invocations=2 (full 0):
 PSYoungGen      total 53248K, used 4095K [0x00000000eab00000, 0x00000000ee300000, 0x0000000100000000)
  eden space 49152K, 0% used [0x00000000eab00000,0x00000000eab00000,0x00000000edb00000)
  from space 4096K, 99% used [0x00000000edf00000,0x00000000ee2ffca8,0x00000000ee300000)
  to   space 4096K, 0% used [0x00000000edb00000,0x00000000edb00000,0x00000000edf00000)
 ParOldGen       total 65536K, used 3975K [0x00000000c0000000, 0x00000000c4000000, 0x00000000eab00000)
  object space 65536K, 6% used [0x00000000c0000000,0x00000000c03e1d98,0x00000000c4000000)
 Metaspace       used 6180K, capacity 7028K, committed 7296K, reserved 1056768K
  class space    used 600K, capacity 620K, committed 640K, reserved 1048576K
}
Event: 12.155 GC heap before
{Heap before GC invocations=3 (full 0):
 PSYoungGen      total 53248K, used 53247K [0x00000000eab00000, 0x00000000ee300000, 0x0000000100000000)
  eden space 49152K, 100% used [0x00000000eab00000,0x00000000edb00000,0x00000000edb00000)
  from space 4096K, 99% used [0x00000000edf00000,0x00000000ee2ffca8,0x00000000ee300000)
  to   space 4096K, 0% used [0x00000000edb00000,0x00000000edb00000,0x00000000edf00000)
 ParOldGen       total 65536K, used 3975K [0x00000000c0000000, 0x00000000c4000000, 0x00000000eab00000)
  object space 65536K, 6% used [0x00000000c0000000,0x00000000c03e1d98,0x00000000c4000000)
 Metaspace       used 6243K, capacity 7030K, committed 7296K, reserved 1056768K
  class space    used 602K, capacity 622K, committed 640K, reserved 1048576K
Event: 12.343 GC heap after
Heap after GC invocations=3 (full 0):
 PSYoungGen      total 53248K, used 4088K [0x00000000eab00000, 0x00000000f1300000, 0x0000000100000000)
  eden space 49152K, 0% used [0x00000000eab00000,0x00000000eab00000,0x00000000edb00000)
  from space 4096K, 99% used [0x00000000edb00000,0x00000000edefe010,0x00000000edf00000)
  to   space 4096K, 0% used [0x00000000f0f00000,0x00000000f0f00000,0x00000000f1300000)
 ParOldGen       total 65536K, used 11106K [0x00000000c0000000, 0x00000000c4000000, 0x00000000eab00000)
  object space 65536K, 16% used [0x00000000c0000000,0x00000000c0ad8940,0x00000000c4000000)
 Metaspace       used 6243K, capacity 7030K, committed 7296K, reserved 1056768K
  class space    used 602K, capacity 622K, committed 640K, reserved 1048576K
}

Deoptimization events (10 events):
Event: 13.908 Thread 0x00000000173f1000 Uncommon trap: reason=bimorphic action=maybe_recompile pc=0x0000000003b1c038 method=com.android.dx.cf.code.BytecodeArray.parseInstruction(ILcom/android/dx/cf/code/BytecodeArray$Visitor;)I @ 1525
Event: 13.909 Thread 0x00000000173f1000 Uncommon trap: reason=bimorphic action=maybe_recompile pc=0x0000000003b1c038 method=com.android.dx.cf.code.BytecodeArray.parseInstruction(ILcom/android/dx/cf/code/BytecodeArray$Visitor;)I @ 1525
Event: 14.719 Thread 0x00000000173f6800 Uncommon trap: reason=unstable_if action=reinterpret pc=0x00000000036fe424 method=com.android.dx.rop.code.RegisterSpec.equals(ILcom/android/dx/rop/type/TypeBearer;Lcom/android/dx/rop/code/LocalItem;)Z @ 42
Event: 14.719 Thread 0x00000000173f6800 Uncommon trap: reason=unstable_if action=reinterpret pc=0x00000000036fa81c method=com.android.dx.rop.code.RegisterSpec.equals(ILcom/android/dx/rop/type/TypeBearer;Lcom/android/dx/rop/code/LocalItem;)Z @ 42
Event: 14.743 Thread 0x00000000173f1000 Uncommon trap: reason=unstable_if action=reinterpret pc=0x00000000039a22dc method=com.android.dx.ssa.SCCP.simulateBranch(Lcom/android/dx/ssa/SsaInsn;)V @ 64
Event: 14.879 Thread 0x00000000173f1000 Uncommon trap: reason=uninitialized action=reinterpret pc=0x0000000003b61a1c method=com.android.dx.cf.code.BytecodeArray.parseInstruction(ILcom/android/dx/cf/code/BytecodeArray$Visitor;)I @ 1079
Event: 14.934 Thread 0x00000000173f1000 Uncommon trap: reason=bimorphic action=maybe_recompile pc=0x000000000360e8dc method=java.util.HashMap.getNode(ILjava/lang/Object;)Ljava/util/HashMap$Node; @ 126
Event: 14.934 Thread 0x00000000173f1000 Uncommon trap: reason=class_check action=maybe_recompile pc=0x00000000037bd3d0 method=java.util.HashMap.putVal(ILjava/lang/Object;Ljava/lang/Object;ZZ)Ljava/lang/Object; @ 203
Event: 14.934 Thread 0x00000000173f1000 Uncommon trap: reason=bimorphic action=maybe_recompile pc=0x000000000360e8dc method=java.util.HashMap.getNode(ILjava/lang/Object;)Ljava/util/HashMap$Node; @ 126
Event: 14.935 Thread 0x00000000173f1000 Uncommon trap: reason=class_check action=maybe_recompile pc=0x00000000037bd3d0 method=java.util.HashMap.putVal(ILjava/lang/Object;Ljava/lang/Object;ZZ)Ljava/lang/Object; @ 203

Internal exceptions (5 events):
Event: 0.157 Thread 0x00000000032a0800 Exception <a 'java/lang/NoSuchMethodError': Method sun.misc.Unsafe.defineClass(Ljava/lang/String;[BII)Ljava/lang/Class; name or signature does not match> (0x00000000eab07cc0) thrown at [C:\re\workspace\8-2-build-windows-amd64-cygwin\jdk8u91\7017\hotspot\sr4&.§Ä?
Event: 0.157 Thread 0x00000000032a0800 Exception <a 'java/lang/NoSuchMethodError': Method sun.misc.Unsafe.prefetchRead(Ljava/lang/Object;J)V name or signature does not match> (0x00000000eab07fa8) thrown at [C:\re\workspace\8-2-build-windows-amd64-cygwin\jdk8u91\7017\hotspot\src\share\vm\prims\j¾Bý¨°@
Event: 5.923 Thread 0x00000000173f5000 Implicit null exception at 0x00000000036da44c to 0x00000000036dc5d1
Event: 14.719 Thread 0x00000000173f6800 Implicit null exception at 0x00000000036fe193 to 0x00000000036fe417
Event: 14.719 Thread 0x00000000173f6800 Implicit null exception at 0x00000000036fa589 to 0x00000000036fa810

Events (10 events):
Event: 14.934 Thread 0x00000000173f1000 Uncommon trap: trap_request=0xffffffde fr.pc=0x00000000037bd3d0
Event: 14.934 Thread 0x00000000173f1000 DEOPT PACKING pc=0x00000000037bd3d0 sp=0x0000000017a1e720
Event: 14.934 Thread 0x00000000173f1000 DEOPT UNPACKING pc=0x00000000033e582a sp=0x0000000017a1e6a8 mode 2
Event: 14.934 Thread 0x00000000173f1000 Uncommon trap: trap_request=0xffffffc6 fr.pc=0x000000000360e8dc
Event: 14.934 Thread 0x00000000173f1000 DEOPT PACKING pc=0x000000000360e8dc sp=0x0000000017a1e760
Event: 14.934 Thread 0x00000000173f1000 DEOPT UNPACKING pc=0x00000000033e582a sp=0x0000000017a1e6d0 mode 2
Event: 14.935 Thread 0x00000000173f1000 Uncommon trap: trap_request=0xffffffde fr.pc=0x00000000037bd3d0
Event: 14.935 Thread 0x00000000173f1000 DEOPT PACKING pc=0x00000000037bd3d0 sp=0x0000000017a1e720
Event: 14.935 Thread 0x00000000173f1000 DEOPT UNPACKING pc=0x00000000033e582a sp=0x0000000017a1e6a8 mode 2
Event: 14.946 Thread 0x00000000173f1000 Thread exited: 0x00000000173f1000


Dynamic libraries:
0x00007ff69d210000 - 0x00007ff69d247000 	F:\javaJDk\jdk1.8.0_91\bin\java.exe
0x00007ffc79510000 - 0x00007ffc796e1000 	C:\WINDOWS\SYSTEM32\ntdll.dll
0x00007ffc78ed0000 - 0x00007ffc78f7b000 	C:\WINDOWS\System32\KERNEL32.DLL
0x00007ffc75a00000 - 0x00007ffc75c1d000 	C:\WINDOWS\System32\KERNELBASE.dll
0x00007ffc78940000 - 0x00007ffc789e2000 	C:\WINDOWS\System32\ADVAPI32.dll
0x00007ffc788a0000 - 0x00007ffc7893e000 	C:\WINDOWS\System32\msvcrt.dll
0x00007ffc78840000 - 0x00007ffc78899000 	C:\WINDOWS\System32\sechost.dll
0x00007ffc78fb0000 - 0x00007ffc790d1000 	C:\WINDOWS\System32\RPCRT4.dll
0x00007ffc789f0000 - 0x00007ffc78b55000 	C:\WINDOWS\System32\USER32.dll
0x00007ffc767c0000 - 0x00007ffc767de000 	C:\WINDOWS\System32\win32u.dll
0x00007ffc76db0000 - 0x00007ffc76de4000 	C:\WINDOWS\System32\GDI32.dll
0x00007ffc75c20000 - 0x00007ffc75da2000 	C:\WINDOWS\System32\gdi32full.dll
0x00007ffc6ca10000 - 0x00007ffc6cc89000 	C:\WINDOWS\WinSxS\amd64_microsoft.windows.common-controls_6595b64144ccf1df_6.0.14393.0_none_2d0f50fcbdb171b8\COMCTL32.dll
0x00007ffc78500000 - 0x00007ffc787c7000 	C:\WINDOWS\System32\combase.dll
0x00007ffc767e0000 - 0x00007ffc768d5000 	C:\WINDOWS\System32\ucrtbase.dll
0x00007ffc76070000 - 0x00007ffc760da000 	C:\WINDOWS\System32\bcryptPrimitives.dll
0x00007ffc78f80000 - 0x00007ffc78fae000 	C:\WINDOWS\System32\IMM32.DLL
0x00000000677b0000 - 0x0000000067882000 	F:\javaJDk\jdk1.8.0_91\jre\bin\msvcr100.dll
0x0000000067d00000 - 0x0000000068593000 	F:\javaJDk\jdk1.8.0_91\jre\bin\server\jvm.dll
0x00007ffc784e0000 - 0x00007ffc784e8000 	C:\WINDOWS\System32\PSAPI.DLL
0x00007ffc6d7e0000 - 0x00007ffc6d7e9000 	C:\WINDOWS\SYSTEM32\WSOCK32.dll
0x00007ffc73cf0000 - 0x00007ffc73d13000 	C:\WINDOWS\SYSTEM32\WINMM.dll
0x00007ffc787d0000 - 0x00007ffc7883a000 	C:\WINDOWS\System32\WS2_32.dll
0x00007ffc69610000 - 0x00007ffc6961a000 	C:\WINDOWS\SYSTEM32\VERSION.dll
0x0000000001620000 - 0x000000000164b000 	C:\WINDOWS\SYSTEM32\WINMMBASE.dll
0x00007ffc75db0000 - 0x00007ffc75df2000 	C:\WINDOWS\System32\cfgmgr32.dll
0x00000000689e0000 - 0x00000000689ef000 	F:\javaJDk\jdk1.8.0_91\jre\bin\verify.dll
0x0000000067bf0000 - 0x0000000067c19000 	F:\javaJDk\jdk1.8.0_91\jre\bin\java.dll
0x0000000067bd0000 - 0x0000000067be6000 	F:\javaJDk\jdk1.8.0_91\jre\bin\zip.dll
0x00007ffc76e10000 - 0x00007ffc78318000 	C:\WINDOWS\System32\SHELL32.dll
0x00007ffc760e0000 - 0x00007ffc767ba000 	C:\WINDOWS\System32\windows.storage.dll
0x00007ffc75980000 - 0x00007ffc759cc000 	C:\WINDOWS\System32\powrprof.dll
0x00007ffc78e10000 - 0x00007ffc78e62000 	C:\WINDOWS\System32\shlwapi.dll
0x00007ffc75970000 - 0x00007ffc7597f000 	C:\WINDOWS\System32\kernel.appcore.dll
0x00007ffc769f0000 - 0x00007ffc76a99000 	C:\WINDOWS\System32\shcore.dll
0x00007ffc759d0000 - 0x00007ffc759e4000 	C:\WINDOWS\System32\profapi.dll

VM Arguments:
jvm_args: -Djava.awt.headless=true -Xmx1024M -Dfile.encoding=GBK -Duser.country=CN -Duser.language=zh -Duser.variant 
java_command: com.android.dx.command.Main --dex --force-jumbo --num-threads=4 --multi-dex --output F:\android\Group6Project\app\build\intermediates\transforms\dex\debug\folders\1000\2\MobTools-2016.0921.1136_a007518acd12b31d5996a32487deb0a4c2074dc5 F:\android\Group6Project\app\lib\MobTools-2016.0921.1136.jar
java_class_path (initial): F:\android\SDK\build-tools\24.0.1\lib\dx.jar
Launcher Type: SUN_STANDARD

Environment Variables:
JAVA_HOME=F:\javaJDk\jdk1.8.0_91
CLASSPATH=.;F:\javaJDk\jdk1.8.0_91\jre
PATH=C:\WINDOWS\system32;C:\WINDOWS;C:\WINDOWS\System32\Wbem;C:\WINDOWS\System32\WindowsPowerShell\v1.0\;C:\Program Files (x86)\MySQL\MySQL Server 5.0\bin;G:\SVN\TortoiseSVN\bin;G:\git\tortoisegit\bin;F:\javaJDk\jdk1.8.0_91\bin
USERNAME=²©²©
OS=Windows_NT
PROCESSOR_IDENTIFIER=Intel64 Family 6 Model 69 Stepping 1, GenuineIntel



---------------  S Y S T E M  ---------------

OS: Windows 10.0 , 64 bit Build 14393 (10.0.14393.0)

CPU:total 4 (2 cores per cpu, 2 threads per core) family 6 model 69 stepping 1, cmov, cx8, fxsr, mmx, sse, sse2, sse3, ssse3, sse4.1, sse4.2, popcnt, avx, avx2, aes, clmul, erms, lzcnt, ht, tsc, tscinvbit, bmi1, bmi2

Memory: 4k page, physical 6169560k(305220k free), swap 14375260k(5460k free)

vm_info: Java HotSpot(TM) 64-Bit Server VM (25.91-b15) for windows-amd64 JRE (1.8.0_91-b15), built on May 20 2016 17:43:15 by "java_re" with MS VC++ 10.0 (VS2010)

time: Sun Oct 23 16:08:29 2016
elapsed time: 14 seconds (0d 0h 0m 14s)

