#
# There is insufficient memory for the Java Runtime Environment to continue.
# Native memory allocation (malloc) failed to allocate 1048576 bytes for AllocateHeap
# Possible reasons:
#   The system is out of physical RAM or swap space
#   In 32 bit mode, the process size limit was hit
# Possible solutions:
#   Reduce memory load on the system
#   Increase physical memory or swap space
#   Check if swap backing store is full
#   Use 64 bit Java on a 64 bit OS
#   Decrease Java heap size (-Xmx/-Xms)
#   Decrease number of Java threads
#   Decrease Java thread stack sizes (-Xss)
#   Set larger code cache with -XX:ReservedCodeCacheSize=
# This output file may be truncated or incomplete.
#
#  Out of Memory Error (memory/allocation.inline.hpp:61), pid=7904, tid=2620
#
# JRE version:  (8.0_91-b15) (build )
# Java VM: Java HotSpot(TM) 64-Bit Server VM (25.91-b15 mixed mode windows-amd64 compressed oops)
# Failed to write core dump. Minidumps are not enabled by default on client versions of Windows
#

---------------  T H R E A D  ---------------

Current thread (0x0000000002ae0800):  JavaThread "Unknown thread" [_thread_in_vm, id=2620, stack(0x0000000002510000,0x0000000002610000)]

Stack: [0x0000000002510000,0x0000000002610000]
[error occurred during error reporting (printing stack bounds), id 0xc0000005]

Native frames: (J=compiled Java code, j=interpreted, Vv=VM code, C=native code)


---------------  P R O C E S S  ---------------

Java Threads: ( => current thread )

Other Threads:

=>0x0000000002ae0800 (exited) JavaThread "Unknown thread" [_thread_in_vm, id=2620, stack(0x0000000002510000,0x0000000002610000)]

VM state:not at safepoint (normal execution)

VM Mutex/Monitor currently owned by a thread: None

Heap:
 PSYoungGen      total 28672K, used 491K [0x00000000eab00000, 0x00000000ecb00000, 0x0000000100000000)
  eden space 24576K, 2% used [0x00000000eab00000,0x00000000eab7ae20,0x00000000ec300000)
  from space 4096K, 0% used [0x00000000ec700000,0x00000000ec700000,0x00000000ecb00000)
  to   space 4096K, 0% used [0x00000000ec300000,0x00000000ec300000,0x00000000ec700000)
 ParOldGen       total 65536K, used 0K [0x00000000c0000000, 0x00000000c4000000, 0x00000000eab00000)
  object space 65536K, 0% used [0x00000000c0000000,0x00000000c0000000,0x00000000c4000000)
 Metaspace       used 783K, capacity 1092K, committed 1152K, reserved 1060864K
  class space    used 75K, capacity 384K, committed 384K, reserved 1048576K

Card table byte_map: [0x0000000011fa0000,0x00000000121b0000] byte_map_base: 0x00000000119a0000

Marking Bits: (ParMarkBitMap*) 0x0000000056ef2f70
 Begin Bits: [0x0000000012710000, 0x0000000013710000)
 End Bits:   [0x0000000013710000, 0x0000000014710000)

Polling page: 0x00000000024f0000

CodeCache: size=245760Kb used=328Kb max_used=328Kb free=245431Kb
 bounds [0x0000000002be0000, 0x0000000002e50000, 0x0000000011be0000]
 total_blobs=58 nmethods=0 adapters=38
 compilation: enabled

Compilation events (0 events):
No events

GC Heap History (0 events):
No events

Deoptimization events (0 events):
No events

Internal exceptions (0 events):
No events

Events (10 events):
Event: 0.187 loading class java/lang/Short
Event: 0.187 loading class java/lang/Short done
Event: 0.187 loading class java/lang/Integer
Event: 0.187 loading class java/lang/Integer done
Event: 0.187 loading class java/lang/Long
Event: 0.188 loading class java/lang/Long done
Event: 0.188 loading class java/lang/NullPointerException
Event: 0.188 loading class java/lang/NullPointerException done
Event: 0.189 loading class java/lang/ArithmeticException
Event: 0.189 loading class java/lang/ArithmeticException done


Dynamic libraries:
0x00007ff78caa0000 - 0x00007ff78cad7000 	F:\javaJDk\jdk1.8.0_91\bin\java.exe
0x00007ffcc51f0000 - 0x00007ffcc53c1000 	C:\WINDOWS\SYSTEM32\ntdll.dll
0x00007ffcc2e90000 - 0x00007ffcc2f3b000 	C:\WINDOWS\System32\KERNEL32.DLL
0x00007ffcc16e0000 - 0x00007ffcc18fd000 	C:\WINDOWS\System32\KERNELBASE.dll
0x00007ffcc2800000 - 0x00007ffcc28a2000 	C:\WINDOWS\System32\ADVAPI32.dll
0x00007ffcc3020000 - 0x00007ffcc30be000 	C:\WINDOWS\System32\msvcrt.dll
0x00007ffcc4eb0000 - 0x00007ffcc4f09000 	C:\WINDOWS\System32\sechost.dll
0x00007ffcc3120000 - 0x00007ffcc3241000 	C:\WINDOWS\System32\RPCRT4.dll
0x00007ffcc4d40000 - 0x00007ffcc4ea5000 	C:\WINDOWS\System32\USER32.dll
0x00007ffcc2590000 - 0x00007ffcc25ae000 	C:\WINDOWS\System32\win32u.dll
0x00007ffcc4f10000 - 0x00007ffcc4f44000 	C:\WINDOWS\System32\GDI32.dll
0x00007ffcc1d20000 - 0x00007ffcc1ea2000 	C:\WINDOWS\System32\gdi32full.dll
0x00007ffcb88d0000 - 0x00007ffcb8b49000 	C:\WINDOWS\WinSxS\amd64_microsoft.windows.common-controls_6595b64144ccf1df_6.0.14393.0_none_2d0f50fcbdb171b8\COMCTL32.dll
0x00007ffcc2a90000 - 0x00007ffcc2d57000 	C:\WINDOWS\System32\combase.dll
0x00007ffcc1c20000 - 0x00007ffcc1d15000 	C:\WINDOWS\System32\ucrtbase.dll
0x00007ffcc1b60000 - 0x00007ffcc1bca000 	C:\WINDOWS\System32\bcryptPrimitives.dll
0x00007ffcc4780000 - 0x00007ffcc47ae000 	C:\WINDOWS\System32\IMM32.DLL
0x0000000056260000 - 0x0000000056332000 	F:\javaJDk\jdk1.8.0_91\jre\bin\msvcr100.dll
0x00000000566e0000 - 0x0000000056f73000 	F:\javaJDk\jdk1.8.0_91\jre\bin\server\jvm.dll
0x00007ffcc2e80000 - 0x00007ffcc2e88000 	C:\WINDOWS\System32\PSAPI.DLL
0x00007ffcb8fb0000 - 0x00007ffcb8fb9000 	C:\WINDOWS\SYSTEM32\WSOCK32.dll
0x00007ffcc2f50000 - 0x00007ffcc2fba000 	C:\WINDOWS\System32\WS2_32.dll
0x00007ffcbf9d0000 - 0x00007ffcbf9f3000 	C:\WINDOWS\SYSTEM32\WINMM.dll
0x00007ffcb45a0000 - 0x00007ffcb45aa000 	C:\WINDOWS\SYSTEM32\VERSION.dll
0x00007ffcbf600000 - 0x00007ffcbf62b000 	C:\WINDOWS\SYSTEM32\WINMMBASE.dll
0x00007ffcc1bd0000 - 0x00007ffcc1c12000 	C:\WINDOWS\System32\cfgmgr32.dll
0x00000000566d0000 - 0x00000000566df000 	F:\javaJDk\jdk1.8.0_91\jre\bin\verify.dll
0x00000000566a0000 - 0x00000000566c9000 	F:\javaJDk\jdk1.8.0_91\jre\bin\java.dll
0x0000000056680000 - 0x0000000056696000 	F:\javaJDk\jdk1.8.0_91\jre\bin\zip.dll

VM Arguments:
jvm_args: -Djava.awt.headless=true -Xmx1024M -Dfile.encoding=GBK -Duser.country=CN -Duser.language=zh -Duser.variant 
java_command: com.android.dx.command.Main --dex --force-jumbo --num-threads=4 --multi-dex --output F:\android\Group6Project\app\build\intermediates\transforms\dex\debug\folders\1000\5\slice_1 F:\android\Group6Project\app\build\intermediates\transforms\instantRunSlicer\debug\folders\1\5\slice_1
java_class_path (initial): F:\android\SDK\build-tools\24.0.1\lib\dx.jar
Launcher Type: SUN_STANDARD

Environment Variables:
JAVA_HOME=F:\javaJDk\jdk1.8.0_91
CLASSPATH=.;F:\javaJDk\jdk1.8.0_91\jre
PATH=C:\WINDOWS\system32;C:\WINDOWS;C:\WINDOWS\System32\Wbem;C:\WINDOWS\System32\WindowsPowerShell\v1.0\;C:\Program Files (x86)\MySQL\MySQL Server 5.0\bin;G:\SVN\TortoiseSVN\bin;G:\git\tortoisegit\bin;F:\javaJDk\jdk1.8.0_91\bin
USERNAME=²©²©
OS=Windows_NT
PROCESSOR_IDENTIFIER=Intel64 Family 6 Model 69 Stepping 1, GenuineIntel



---------------  S Y S T E M  ---------------

OS: Windows 10.0 , 64 bit Build 14393 (10.0.14393.0)

CPU:total 4 (2 cores per cpu, 2 threads per core) family 6 model 69 stepping 1, cmov, cx8, fxsr, mmx, sse, sse2, sse3, ssse3, sse4.1, sse4.2, popcnt, avx, avx2, aes, clmul, erms, lzcnt, ht, tsc, tscinvbit, bmi1, bmi2

Memory: 4k page, physical 6169560k(256996k free), swap 14375260k(4424k free)

vm_info: Java HotSpot(TM) 64-Bit Server VM (25.91-b15) for windows-amd64 JRE (1.8.0_91-b15), built on May 20 2016 17:43:15 by "java_re" with MS VC++ 10.0 (VS2010)

time: Thu Oct 20 21:36:45 2016
elapsed time: 0 seconds (0d 0h 0m 0s)

