#
# There is insufficient memory for the Java Runtime Environment to continue.
# Native memory allocation (malloc) failed to allocate 1164656 bytes for Chunk::new
# Possible reasons:
#   The system is out of physical RAM or swap space
#   In 32 bit mode, the process size limit was hit
# Possible solutions:
#   Reduce memory load on the system
#   Increase physical memory or swap space
#   Check if swap backing store is full
#   Use 64 bit Java on a 64 bit OS
#   Decrease Java heap size (-Xmx/-Xms)
#   Decrease number of Java threads
#   Decrease Java thread stack sizes (-Xss)
#   Set larger code cache with -XX:ReservedCodeCacheSize=
# This output file may be truncated or incomplete.
#
#  Out of Memory Error (allocation.cpp:390), pid=13508, tid=22100
#
# JRE version: Java(TM) SE Runtime Environment (8.0_91-b15) (build 1.8.0_91-b15)
# Java VM: Java HotSpot(TM) 64-Bit Server VM (25.91-b15 mixed mode windows-amd64 compressed oops)
# Failed to write core dump. Minidumps are not enabled by default on client versions of Windows
#

---------------  T H R E A D  ---------------

Current thread (0x00000000159d9000):  JavaThread "C2 CompilerThread0" daemon [_thread_in_native, id=22100, stack(0x0000000016f50000,0x0000000017050000)]

Stack: [0x0000000016f50000,0x0000000017050000]
[error occurred during error reporting (printing stack bounds), id 0xc0000005]

Native frames: (J=compiled Java code, j=interpreted, Vv=VM code, C=native code)


Current CompileTask:
C2:  14641 1458       4       com.android.dx.dex.code.OutputFinisher::addConstants (93 bytes)


---------------  P R O C E S S  ---------------

Java Threads: ( => current thread )
  0x00000000172ec000 JavaThread "pool-1-thread-1" [_thread_in_Java, id=21260, stack(0x000000001a4f0000,0x000000001a5f0000)]
  0x00000000171b0000 JavaThread "Service Thread" daemon [_thread_blocked, id=7872, stack(0x0000000017650000,0x0000000017750000)]
  0x00000000171a6000 JavaThread "C1 CompilerThread2" daemon [_thread_in_vm, id=7624, stack(0x0000000017550000,0x0000000017650000)]
  0x00000000159dc000 JavaThread "C2 CompilerThread1" daemon [_thread_in_native, id=19076, stack(0x0000000017050000,0x0000000017150000)]
=>0x00000000159d9000 JavaThread "C2 CompilerThread0" daemon [_thread_in_native, id=22100, stack(0x0000000016f50000,0x0000000017050000)]
  0x000000001598d800 JavaThread "Attach Listener" daemon [_thread_blocked, id=30236, stack(0x0000000016e50000,0x0000000016f50000)]
  0x000000001598d000 JavaThread "Signal Dispatcher" daemon [_thread_blocked, id=34168, stack(0x0000000016d50000,0x0000000016e50000)]
  0x0000000003244800 JavaThread "Finalizer" daemon [_thread_blocked, id=13724, stack(0x0000000016bf0000,0x0000000016cf0000)]
  0x000000000323f000 JavaThread "Reference Handler" daemon [_thread_blocked, id=8104, stack(0x0000000016af0000,0x0000000016bf0000)]
  0x0000000003150800 JavaThread "main" [_thread_blocked, id=11964, stack(0x0000000002cd0000,0x0000000002dd0000)]

Other Threads:
  0x0000000015948000 VMThread [stack: 0x00000000169f0000,0x0000000016af0000] [id=26224]
  0x000000001720c000 WatcherThread [stack: 0x0000000017750000,0x0000000017850000] [id=9368]

VM state:not at safepoint (normal execution)

VM Mutex/Monitor currently owned by a thread: None

Heap:
 PSYoungGen      total 53248K, used 14888K [0x00000000eab00000, 0x00000000ee300000, 0x0000000100000000)
  eden space 49152K, 22% used [0x00000000eab00000,0x00000000eb5902c0,0x00000000edb00000)
  from space 4096K, 99% used [0x00000000edf00000,0x00000000ee2fa038,0x00000000ee300000)
  to   space 4096K, 0% used [0x00000000edb00000,0x00000000edb00000,0x00000000edf00000)
 ParOldGen       total 65536K, used 4413K [0x00000000c0000000, 0x00000000c4000000, 0x00000000eab00000)
  object space 65536K, 6% used [0x00000000c0000000,0x00000000c044f768,0x00000000c4000000)
 Metaspace       used 6150K, capacity 7032K, committed 7296K, reserved 1056768K
  class space    used 609K, capacity 624K, committed 640K, reserved 1048576K

Card table byte_map: [0x0000000012670000,0x0000000012880000] byte_map_base: 0x0000000012070000

Marking Bits: (ParMarkBitMap*) 0x0000000056ef2f70
 Begin Bits: [0x0000000012de0000, 0x0000000013de0000)
 End Bits:   [0x0000000013de0000, 0x0000000014de0000)

Polling page: 0x0000000002dd0000

CodeCache: size=245760Kb used=6037Kb max_used=6042Kb free=239723Kb
 bounds [0x00000000032b0000, 0x00000000038a0000, 0x00000000122b0000]
 total_blobs=1725 nmethods=1453 adapters=184
 compilation: enabled

Compilation events (10 events):
Event: 14.577 Thread 0x00000000159d9000 nmethod 1448 0x00000000038983d0 code [0x0000000003898580, 0x0000000003898c08]
Event: 14.578 Thread 0x00000000171a6000 1456  s    3       com.android.dx.dex.file.StringIdsSection::intern (53 bytes)
Event: 14.578 Thread 0x00000000171a6000 nmethod 1456 0x00000000038974d0 code [0x00000000038976a0, 0x0000000003898018]
Event: 14.579 Thread 0x00000000171a6000 1457  s    3       com.android.dx.dex.file.TypeIdsSection::intern (60 bytes)
Event: 14.580 Thread 0x00000000171a6000 nmethod 1457 0x0000000003895f90 code [0x00000000038961a0, 0x0000000003896e48]
Event: 14.581 Thread 0x00000000159d9000 1458       4       com.android.dx.dex.code.OutputFinisher::addConstants (93 bytes)
Event: 14.593 Thread 0x00000000159dc000 nmethod 1455 0x0000000003895110 code [0x0000000003895280, 0x0000000003895958]
Event: 14.595 Thread 0x00000000159dc000 1459       4       java.util.HashMap::newNode (13 bytes)
Event: 14.596 Thread 0x00000000159dc000 nmethod 1459 0x0000000003888dd0 code [0x0000000003888f20, 0x0000000003889038]
Event: 14.597 Thread 0x00000000159dc000 1460       4       com.android.dx.dex.code.OutputFinisher::addConstants (68 bytes)

GC Heap History (4 events):
Event: 6.452 GC heap before
{Heap before GC invocations=1 (full 0):
 PSYoungGen      total 28672K, used 24576K [0x00000000eab00000, 0x00000000ecb00000, 0x0000000100000000)
  eden space 24576K, 100% used [0x00000000eab00000,0x00000000ec300000,0x00000000ec300000)
  from space 4096K, 0% used [0x00000000ec700000,0x00000000ec700000,0x00000000ecb00000)
  to   space 4096K, 0% used [0x00000000ec300000,0x00000000ec300000,0x00000000ec700000)
 ParOldGen       total 65536K, used 0K [0x00000000c0000000, 0x00000000c4000000, 0x00000000eab00000)
  object space 65536K, 0% used [0x00000000c0000000,0x00000000c0000000,0x00000000c4000000)
 Metaspace       used 5918K, capacity 6836K, committed 7040K, reserved 1056768K
  class space    used 600K, capacity 620K, committed 640K, reserved 1048576K
Event: 7.896 GC heap after
Heap after GC invocations=1 (full 0):
 PSYoungGen      total 28672K, used 4066K [0x00000000eab00000, 0x00000000ee300000, 0x0000000100000000)
  eden space 24576K, 0% used [0x00000000eab00000,0x00000000eab00000,0x00000000ec300000)
  from space 4096K, 99% used [0x00000000ec300000,0x00000000ec6f8ac8,0x00000000ec700000)
  to   space 4096K, 0% used [0x00000000edf00000,0x00000000edf00000,0x00000000ee300000)
 ParOldGen       total 65536K, used 1782K [0x00000000c0000000, 0x00000000c4000000, 0x00000000eab00000)
  object space 65536K, 2% used [0x00000000c0000000,0x00000000c01bd878,0x00000000c4000000)
 Metaspace       used 5918K, capacity 6836K, committed 7040K, reserved 1056768K
  class space    used 600K, capacity 620K, committed 640K, reserved 1048576K
}
Event: 10.151 GC heap before
{Heap before GC invocations=2 (full 0):
 PSYoungGen      total 28672K, used 28642K [0x00000000eab00000, 0x00000000ee300000, 0x0000000100000000)
  eden space 24576K, 100% used [0x00000000eab00000,0x00000000ec300000,0x00000000ec300000)
  from space 4096K, 99% used [0x00000000ec300000,0x00000000ec6f8ac8,0x00000000ec700000)
  to   space 4096K, 0% used [0x00000000edf00000,0x00000000edf00000,0x00000000ee300000)
 ParOldGen       total 65536K, used 1782K [0x00000000c0000000, 0x00000000c4000000, 0x00000000eab00000)
  object space 65536K, 2% used [0x00000000c0000000,0x00000000c01bd878,0x00000000c4000000)
 Metaspace       used 6043K, capacity 6964K, committed 7040K, reserved 1056768K
  class space    used 600K, capacity 620K, committed 640K, reserved 1048576K
Event: 10.897 GC heap after
Heap after GC invocations=2 (full 0):
 PSYoungGen      total 53248K, used 4072K [0x00000000eab00000, 0x00000000ee300000, 0x0000000100000000)
  eden space 49152K, 0% used [0x00000000eab00000,0x00000000eab00000,0x00000000edb00000)
  from space 4096K, 99% used [0x00000000edf00000,0x00000000ee2fa038,0x00000000ee300000)
  to   space 4096K, 0% used [0x00000000edb00000,0x00000000edb00000,0x00000000edf00000)
 ParOldGen       total 65536K, used 4413K [0x00000000c0000000, 0x00000000c4000000, 0x00000000eab00000)
  object space 65536K, 6% used [0x00000000c0000000,0x00000000c044f768,0x00000000c4000000)
 Metaspace       used 6043K, capacity 6964K, committed 7040K, reserved 1056768K
  class space    used 600K, capacity 620K, committed 640K, reserved 1048576K
}

Deoptimization events (10 events):
Event: 11.712 Thread 0x00000000172ec000 Uncommon trap: reason=bimorphic action=maybe_recompile pc=0x00000000037be164 method=com.android.dx.ssa.SCCP.setLatticeValueTo(IILcom/android/dx/rop/cst/Constant;)Z @ 43
Event: 11.712 Thread 0x00000000172ec000 Uncommon trap: reason=bimorphic action=maybe_recompile pc=0x00000000037be164 method=com.android.dx.ssa.SCCP.setLatticeValueTo(IILcom/android/dx/rop/cst/Constant;)Z @ 43
Event: 11.712 Thread 0x00000000172ec000 Uncommon trap: reason=bimorphic action=maybe_recompile pc=0x00000000037be164 method=com.android.dx.ssa.SCCP.setLatticeValueTo(IILcom/android/dx/rop/cst/Constant;)Z @ 43
Event: 12.675 Thread 0x00000000172ec000 Uncommon trap: reason=bimorphic action=maybe_recompile pc=0x000000000383f5a8 method=com.android.dx.cf.code.BytecodeArray.parseInstruction(ILcom/android/dx/cf/code/BytecodeArray$Visitor;)I @ 2281
Event: 12.676 Thread 0x00000000172ec000 Uncommon trap: reason=bimorphic action=maybe_recompile pc=0x000000000383f5a8 method=com.android.dx.cf.code.BytecodeArray.parseInstruction(ILcom/android/dx/cf/code/BytecodeArray$Visitor;)I @ 2281
Event: 14.552 Thread 0x00000000172ec000 Uncommon trap: reason=class_check action=maybe_recompile pc=0x0000000003705908 method=java.util.Arrays.hashCode([Ljava/lang/Object;)I @ 43
Event: 14.552 Thread 0x00000000172ec000 Uncommon trap: reason=class_check action=maybe_recompile pc=0x0000000003705908 method=java.util.Arrays.hashCode([Ljava/lang/Object;)I @ 43
Event: 14.552 Thread 0x00000000172ec000 Uncommon trap: reason=class_check action=maybe_recompile pc=0x0000000003705908 method=java.util.Arrays.hashCode([Ljava/lang/Object;)I @ 43
Event: 14.552 Thread 0x00000000172ec000 Uncommon trap: reason=class_check action=maybe_recompile pc=0x0000000003705908 method=java.util.Arrays.hashCode([Ljava/lang/Object;)I @ 43
Event: 14.564 Thread 0x00000000172ec000 Uncommon trap: reason=unstable_if action=reinterpret pc=0x000000000372f230 method=java.util.HashMap.putVal(ILjava/lang/Object;Ljava/lang/Object;ZZ)Ljava/lang/Object; @ 94

Internal exceptions (3 events):
Event: 0.102 Thread 0x0000000003150800 Exception <a 'java/lang/NoSuchMethodError': Method sun.misc.Unsafe.defineClass(Ljava/lang/String;[BII)Ljava/lang/Class; name or signature does not match> (0x00000000eab07cc0) thrown at [C:\re\workspace\8-2-build-windows-amd64-cygwin\jdk8u91\7017\hotspot\sr›iÕQ:Aº?
Event: 0.103 Thread 0x0000000003150800 Exception <a 'java/lang/NoSuchMethodError': Method sun.misc.Unsafe.prefetchRead(Ljava/lang/Object;J)V name or signature does not match> (0x00000000eab07fa8) thrown at [C:\re\workspace\8-2-build-windows-amd64-cygwin\jdk8u91\7017\hotspot\src\share\vm\prims\jR¯ÙX @
Event: 8.044 Thread 0x00000000172db800 Implicit null exception at 0x00000000035ab546 to 0x00000000035ad14d

Events (10 events):
Event: 14.552 Thread 0x00000000172ec000 DEOPT PACKING pc=0x0000000003705908 sp=0x000000001a5eeb40
Event: 14.552 Thread 0x00000000172ec000 DEOPT UNPACKING pc=0x00000000032f582a sp=0x000000001a5eea70 mode 2
Event: 14.552 Thread 0x00000000172ec000 Uncommon trap: trap_request=0xffffffde fr.pc=0x0000000003705908
Event: 14.552 Thread 0x00000000172ec000 DEOPT PACKING pc=0x0000000003705908 sp=0x000000001a5eeb40
Event: 14.552 Thread 0x00000000172ec000 DEOPT UNPACKING pc=0x00000000032f582a sp=0x000000001a5eea70 mode 2
Event: 14.563 loading class com/android/dx/dex/file/CatchStructs
Event: 14.563 loading class com/android/dx/dex/file/CatchStructs done
Event: 14.564 Thread 0x00000000172ec000 Uncommon trap: trap_request=0xffffff65 fr.pc=0x000000000372f230
Event: 14.564 Thread 0x00000000172ec000 DEOPT PACKING pc=0x000000000372f230 sp=0x000000001a5eea70
Event: 14.564 Thread 0x00000000172ec000 DEOPT UNPACKING pc=0x00000000032f582a sp=0x000000001a5ee9f0 mode 2


Dynamic libraries:
0x00007ff78caa0000 - 0x00007ff78cad7000 	F:\javaJDk\jdk1.8.0_91\bin\java.exe
0x00007ffcc51f0000 - 0x00007ffcc53c1000 	C:\WINDOWS\SYSTEM32\ntdll.dll
0x00007ffcc2e90000 - 0x00007ffcc2f3b000 	C:\WINDOWS\System32\KERNEL32.DLL
0x00007ffcc16e0000 - 0x00007ffcc18fd000 	C:\WINDOWS\System32\KERNELBASE.dll
0x00007ffcc2800000 - 0x00007ffcc28a2000 	C:\WINDOWS\System32\ADVAPI32.dll
0x00007ffcc3020000 - 0x00007ffcc30be000 	C:\WINDOWS\System32\msvcrt.dll
0x00007ffcc4eb0000 - 0x00007ffcc4f09000 	C:\WINDOWS\System32\sechost.dll
0x00007ffcc3120000 - 0x00007ffcc3241000 	C:\WINDOWS\System32\RPCRT4.dll
0x00007ffcc4d40000 - 0x00007ffcc4ea5000 	C:\WINDOWS\System32\USER32.dll
0x00007ffcc2590000 - 0x00007ffcc25ae000 	C:\WINDOWS\System32\win32u.dll
0x00007ffcc4f10000 - 0x00007ffcc4f44000 	C:\WINDOWS\System32\GDI32.dll
0x00007ffcc1d20000 - 0x00007ffcc1ea2000 	C:\WINDOWS\System32\gdi32full.dll
0x00007ffcb88d0000 - 0x00007ffcb8b49000 	C:\WINDOWS\WinSxS\amd64_microsoft.windows.common-controls_6595b64144ccf1df_6.0.14393.0_none_2d0f50fcbdb171b8\COMCTL32.dll
0x00007ffcc2a90000 - 0x00007ffcc2d57000 	C:\WINDOWS\System32\combase.dll
0x00007ffcc1c20000 - 0x00007ffcc1d15000 	C:\WINDOWS\System32\ucrtbase.dll
0x00007ffcc1b60000 - 0x00007ffcc1bca000 	C:\WINDOWS\System32\bcryptPrimitives.dll
0x00007ffcc4780000 - 0x00007ffcc47ae000 	C:\WINDOWS\System32\IMM32.DLL
0x0000000056260000 - 0x0000000056332000 	F:\javaJDk\jdk1.8.0_91\jre\bin\msvcr100.dll
0x00000000566e0000 - 0x0000000056f73000 	F:\javaJDk\jdk1.8.0_91\jre\bin\server\jvm.dll
0x00007ffcc2e80000 - 0x00007ffcc2e88000 	C:\WINDOWS\System32\PSAPI.DLL
0x00007ffcb8fb0000 - 0x00007ffcb8fb9000 	C:\WINDOWS\SYSTEM32\WSOCK32.dll
0x00007ffcc2f50000 - 0x00007ffcc2fba000 	C:\WINDOWS\System32\WS2_32.dll
0x00007ffcbf9d0000 - 0x00007ffcbf9f3000 	C:\WINDOWS\SYSTEM32\WINMM.dll
0x00007ffcb45a0000 - 0x00007ffcb45aa000 	C:\WINDOWS\SYSTEM32\VERSION.dll
0x00007ffcbf600000 - 0x00007ffcbf62b000 	C:\WINDOWS\SYSTEM32\WINMMBASE.dll
0x00007ffcc1bd0000 - 0x00007ffcc1c12000 	C:\WINDOWS\System32\cfgmgr32.dll
0x00000000566d0000 - 0x00000000566df000 	F:\javaJDk\jdk1.8.0_91\jre\bin\verify.dll
0x00000000566a0000 - 0x00000000566c9000 	F:\javaJDk\jdk1.8.0_91\jre\bin\java.dll
0x0000000056680000 - 0x0000000056696000 	F:\javaJDk\jdk1.8.0_91\jre\bin\zip.dll
0x00007ffcc3270000 - 0x00007ffcc4778000 	C:\WINDOWS\System32\SHELL32.dll
0x00007ffcc1eb0000 - 0x00007ffcc258a000 	C:\WINDOWS\System32\windows.storage.dll
0x00007ffcc1680000 - 0x00007ffcc16cc000 	C:\WINDOWS\System32\powrprof.dll
0x00007ffcc30c0000 - 0x00007ffcc3112000 	C:\WINDOWS\System32\shlwapi.dll
0x00007ffcc16d0000 - 0x00007ffcc16df000 	C:\WINDOWS\System32\kernel.appcore.dll
0x00007ffcc1900000 - 0x00007ffcc19a9000 	C:\WINDOWS\System32\shcore.dll
0x00007ffcc1660000 - 0x00007ffcc1674000 	C:\WINDOWS\System32\profapi.dll

VM Arguments:
jvm_args: -Djava.awt.headless=true -Xmx1024M -Dfile.encoding=GBK -Duser.country=CN -Duser.language=zh -Duser.variant 
java_command: com.android.dx.command.Main --dex --force-jumbo --num-threads=4 --multi-dex --output F:\android\Group6Project\app\build\intermediates\transforms\dex\debug\folders\1000\10\instant-run_f026db5f9c526dec2858ab78d4d67a435331e294 F:\android\Group6Project\app\build\intermediates\incremental-runtime-classes\debug\instant-run.jar
java_class_path (initial): F:\android\SDK\build-tools\24.0.1\lib\dx.jar
Launcher Type: SUN_STANDARD

Environment Variables:
JAVA_HOME=F:\javaJDk\jdk1.8.0_91
CLASSPATH=.;F:\javaJDk\jdk1.8.0_91\jre
PATH=C:\WINDOWS\system32;C:\WINDOWS;C:\WINDOWS\System32\Wbem;C:\WINDOWS\System32\WindowsPowerShell\v1.0\;C:\Program Files (x86)\MySQL\MySQL Server 5.0\bin;G:\SVN\TortoiseSVN\bin;G:\git\tortoisegit\bin;F:\javaJDk\jdk1.8.0_91\bin
USERNAME=²©²©
OS=Windows_NT
PROCESSOR_IDENTIFIER=Intel64 Family 6 Model 69 Stepping 1, GenuineIntel



---------------  S Y S T E M  ---------------

OS: Windows 10.0 , 64 bit Build 14393 (10.0.14393.0)

CPU:total 4 (2 cores per cpu, 2 threads per core) family 6 model 69 stepping 1, cmov, cx8, fxsr, mmx, sse, sse2, sse3, ssse3, sse4.1, sse4.2, popcnt, avx, avx2, aes, clmul, erms, lzcnt, ht, tsc, tscinvbit, bmi1, bmi2

Memory: 4k page, physical 6169560k(409072k free), swap 14375260k(3904k free)

vm_info: Java HotSpot(TM) 64-Bit Server VM (25.91-b15) for windows-amd64 JRE (1.8.0_91-b15), built on May 20 2016 17:43:15 by "java_re" with MS VC++ 10.0 (VS2010)

time: Thu Oct 20 21:51:33 2016
elapsed time: 14 seconds (0d 0h 0m 14s)

