#
# There is insufficient memory for the Java Runtime Environment to continue.
# Native memory allocation (malloc) failed to allocate 500320 bytes for Chunk::new
# Possible reasons:
#   The system is out of physical RAM or swap space
#   In 32 bit mode, the process size limit was hit
# Possible solutions:
#   Reduce memory load on the system
#   Increase physical memory or swap space
#   Check if swap backing store is full
#   Use 64 bit Java on a 64 bit OS
#   Decrease Java heap size (-Xmx/-Xms)
#   Decrease number of Java threads
#   Decrease Java thread stack sizes (-Xss)
#   Set larger code cache with -XX:ReservedCodeCacheSize=
# This output file may be truncated or incomplete.
#
#  Out of Memory Error (allocation.cpp:390), pid=16692, tid=25964
#
# JRE version: Java(TM) SE Runtime Environment (8.0_91-b15) (build 1.8.0_91-b15)
# Java VM: Java HotSpot(TM) 64-Bit Server VM (25.91-b15 mixed mode windows-amd64 compressed oops)
# Failed to write core dump. Minidumps are not enabled by default on client versions of Windows
#

---------------  T H R E A D  ---------------

Current thread (0x0000000015189000):  JavaThread "C2 CompilerThread0" daemon [_thread_in_native, id=25964, stack(0x00000000166f0000,0x00000000167f0000)]

Stack: [0x00000000166f0000,0x00000000167f0000]
[error occurred during error reporting (printing stack bounds), id 0xc0000005]

Native frames: (J=compiled Java code, j=interpreted, Vv=VM code, C=native code)


Current CompileTask:
C2:  14700 2069       4       com.android.dx.ssa.LocalVariableExtractor::processBlock (383 bytes)


---------------  P R O C E S S  ---------------

Java Threads: ( => current thread )
  0x0000000016a62800 JavaThread "pool-2-thread-4" [_thread_in_Java, id=9988, stack(0x00000000173f0000,0x00000000174f0000)]
  0x0000000016a61800 JavaThread "pool-2-thread-3" [_thread_in_Java, id=28136, stack(0x00000000172f0000,0x00000000173f0000)]
  0x0000000016a61000 JavaThread "pool-2-thread-2" [_thread_in_Java, id=17212, stack(0x00000000171f0000,0x00000000172f0000)]
  0x0000000016a5e000 JavaThread "pool-3-thread-1" [_thread_blocked, id=6900, stack(0x00000000170f0000,0x00000000171f0000)]
  0x0000000016a5c000 JavaThread "pool-2-thread-1" [_thread_in_Java, id=22760, stack(0x0000000016ff0000,0x00000000170f0000)]
  0x000000001684c000 JavaThread "Service Thread" daemon [_thread_blocked, id=18732, stack(0x0000000016df0000,0x0000000016ef0000)]
  0x0000000016846000 JavaThread "C1 CompilerThread2" daemon [_thread_blocked, id=31852, stack(0x0000000016cf0000,0x0000000016df0000)]
  0x000000001683b800 JavaThread "C2 CompilerThread1" daemon [_thread_in_native, id=14240, stack(0x0000000016bf0000,0x0000000016cf0000)]
=>0x0000000015189000 JavaThread "C2 CompilerThread0" daemon [_thread_in_native, id=25964, stack(0x00000000166f0000,0x00000000167f0000)]
  0x000000001513d800 JavaThread "Attach Listener" daemon [_thread_blocked, id=14640, stack(0x00000000165f0000,0x00000000166f0000)]
  0x000000001513d000 JavaThread "Signal Dispatcher" daemon [_thread_blocked, id=8492, stack(0x00000000164f0000,0x00000000165f0000)]
  0x000000001511a800 JavaThread "Finalizer" daemon [_thread_blocked, id=16836, stack(0x0000000016390000,0x0000000016490000)]
  0x0000000002a2f000 JavaThread "Reference Handler" daemon [_thread_blocked, id=23276, stack(0x0000000016290000,0x0000000016390000)]
  0x0000000002940800 JavaThread "main" [_thread_in_Java, id=10012, stack(0x0000000002840000,0x0000000002940000)]

Other Threads:
  0x00000000150f8000 VMThread [stack: 0x0000000016190000,0x0000000016290000] [id=33980]
  0x00000000168d4800 WatcherThread [stack: 0x0000000016ef0000,0x0000000016ff0000] [id=30684]

VM state:not at safepoint (normal execution)

VM Mutex/Monitor currently owned by a thread: None

Heap:
 PSYoungGen      total 102400K, used 32672K [0x00000000eab00000, 0x00000000f9200000, 0x0000000100000000)
  eden space 98304K, 29% used [0x00000000eab00000,0x00000000ec6eb4a0,0x00000000f0b00000)
  from space 4096K, 99% used [0x00000000f0b00000,0x00000000f0efcd18,0x00000000f0f00000)
  to   space 19968K, 0% used [0x00000000f7e80000,0x00000000f7e80000,0x00000000f9200000)
 ParOldGen       total 65536K, used 32981K [0x00000000c0000000, 0x00000000c4000000, 0x00000000eab00000)
  object space 65536K, 50% used [0x00000000c0000000,0x00000000c2035468,0x00000000c4000000)
 Metaspace       used 6550K, capacity 7256K, committed 7424K, reserved 1056768K
  class space    used 627K, capacity 656K, committed 768K, reserved 1048576K

Card table byte_map: [0x0000000011e00000,0x0000000012010000] byte_map_base: 0x0000000011800000

Marking Bits: (ParMarkBitMap*) 0x0000000056ef2f70
 Begin Bits: [0x0000000012570000, 0x0000000013570000)
 End Bits:   [0x0000000013570000, 0x0000000014570000)

Polling page: 0x00000000026f0000

CodeCache: size=245760Kb used=8713Kb max_used=8733Kb free=237046Kb
 bounds [0x0000000002a40000, 0x00000000032d0000, 0x0000000011a40000]
 total_blobs=2213 nmethods=1941 adapters=184
 compilation: enabled

Compilation events (10 events):
Event: 14.461 Thread 0x0000000015189000 nmethod 2065 0x00000000032c4b10 code [0x00000000032c4ec0, 0x00000000032c93c0]
Event: 14.461 Thread 0x0000000015189000 2069       4       com.android.dx.ssa.LocalVariableExtractor::processBlock (383 bytes)
Event: 14.473 Thread 0x0000000016846000 2091       2       com.android.dx.dex.code.RopTranslator$TranslationVisitor::visitThrowingInsn (118 bytes)
Event: 14.474 Thread 0x0000000016846000 nmethod 2091 0x00000000032c3850 code [0x00000000032c3aa0, 0x00000000032c4208]
Event: 14.475 Thread 0x0000000016846000 2092       2       com.android.dx.cf.code.Simulator::requiredArrayTypeFor (74 bytes)
Event: 14.475 Thread 0x0000000016846000 nmethod 2092 0x00000000032c3090 code [0x00000000032c3240, 0x00000000032c3598]
Event: 14.477 Thread 0x0000000016846000 2093       2       com.android.dx.rop.type.Type::isCategory1 (36 bytes)
Event: 14.478 Thread 0x0000000016846000 nmethod 2093 0x00000000032c2d50 code [0x00000000032c2ea0, 0x00000000032c3010]
Event: 14.478 Thread 0x0000000016846000 2094       2       com.android.dx.rop.code.RegisterSpecList::indexOfRegister (38 bytes)
Event: 14.479 Thread 0x0000000016846000 nmethod 2094 0x00000000032c27d0 code [0x00000000032c2940, 0x00000000032c2ba8]

GC Heap History (10 events):
Event: 1.309 GC heap before
{Heap before GC invocations=1 (full 0):
 PSYoungGen      total 28672K, used 24576K [0x00000000eab00000, 0x00000000ecb00000, 0x0000000100000000)
  eden space 24576K, 100% used [0x00000000eab00000,0x00000000ec300000,0x00000000ec300000)
  from space 4096K, 0% used [0x00000000ec700000,0x00000000ec700000,0x00000000ecb00000)
  to   space 4096K, 0% used [0x00000000ec300000,0x00000000ec300000,0x00000000ec700000)
 ParOldGen       total 65536K, used 0K [0x00000000c0000000, 0x00000000c4000000, 0x00000000eab00000)
  object space 65536K, 0% used [0x00000000c0000000,0x00000000c0000000,0x00000000c4000000)
 Metaspace       used 5980K, capacity 6836K, committed 7040K, reserved 1056768K
  class space    used 604K, capacity 620K, committed 640K, reserved 1048576K
Event: 1.361 GC heap after
Heap after GC invocations=1 (full 0):
 PSYoungGen      total 28672K, used 4077K [0x00000000eab00000, 0x00000000ee300000, 0x0000000100000000)
  eden space 24576K, 0% used [0x00000000eab00000,0x00000000eab00000,0x00000000ec300000)
  from space 4096K, 99% used [0x00000000ec300000,0x00000000ec6fb6b0,0x00000000ec700000)
  to   space 4096K, 0% used [0x00000000edf00000,0x00000000edf00000,0x00000000ee300000)
 ParOldGen       total 65536K, used 742K [0x00000000c0000000, 0x00000000c4000000, 0x00000000eab00000)
  object space 65536K, 1% used [0x00000000c0000000,0x00000000c00b9b48,0x00000000c4000000)
 Metaspace       used 5980K, capacity 6836K, committed 7040K, reserved 1056768K
  class space    used 604K, capacity 620K, committed 640K, reserved 1048576K
}
Event: 2.465 GC heap before
{Heap before GC invocations=2 (full 0):
 PSYoungGen      total 28672K, used 28653K [0x00000000eab00000, 0x00000000ee300000, 0x0000000100000000)
  eden space 24576K, 100% used [0x00000000eab00000,0x00000000ec300000,0x00000000ec300000)
  from space 4096K, 99% used [0x00000000ec300000,0x00000000ec6fb6b0,0x00000000ec700000)
  to   space 4096K, 0% used [0x00000000edf00000,0x00000000edf00000,0x00000000ee300000)
 ParOldGen       total 65536K, used 742K [0x00000000c0000000, 0x00000000c4000000, 0x00000000eab00000)
  object space 65536K, 1% used [0x00000000c0000000,0x00000000c00b9b48,0x00000000c4000000)
 Metaspace       used 6188K, capacity 7028K, committed 7296K, reserved 1056768K
  class space    used 605K, capacity 620K, committed 640K, reserved 1048576K
Event: 2.555 GC heap after
Heap after GC invocations=2 (full 0):
 PSYoungGen      total 53248K, used 4074K [0x00000000eab00000, 0x00000000ee300000, 0x0000000100000000)
  eden space 49152K, 0% used [0x00000000eab00000,0x00000000eab00000,0x00000000edb00000)
  from space 4096K, 99% used [0x00000000edf00000,0x00000000ee2fa920,0x00000000ee300000)
  to   space 4096K, 0% used [0x00000000edb00000,0x00000000edb00000,0x00000000edf00000)
 ParOldGen       total 65536K, used 3929K [0x00000000c0000000, 0x00000000c4000000, 0x00000000eab00000)
  object space 65536K, 5% used [0x00000000c0000000,0x00000000c03d6670,0x00000000c4000000)
 Metaspace       used 6188K, capacity 7028K, committed 7296K, reserved 1056768K
  class space    used 605K, capacity 620K, committed 640K, reserved 1048576K
}
Event: 4.188 GC heap before
{Heap before GC invocations=3 (full 0):
 PSYoungGen      total 53248K, used 53226K [0x00000000eab00000, 0x00000000ee300000, 0x0000000100000000)
  eden space 49152K, 100% used [0x00000000eab00000,0x00000000edb00000,0x00000000edb00000)
  from space 4096K, 99% used [0x00000000edf00000,0x00000000ee2fa920,0x00000000ee300000)
  to   space 4096K, 0% used [0x00000000edb00000,0x00000000edb00000,0x00000000edf00000)
 ParOldGen       total 65536K, used 3929K [0x00000000c0000000, 0x00000000c4000000, 0x00000000eab00000)
  object space 65536K, 5% used [0x00000000c0000000,0x00000000c03d6670,0x00000000c4000000)
 Metaspace       used 6305K, capacity 7092K, committed 7296K, reserved 1056768K
  class space    used 606K, capacity 620K, committed 640K, reserved 1048576K
Event: 4.301 GC heap after
Heap after GC invocations=3 (full 0):
 PSYoungGen      total 53248K, used 4085K [0x00000000eab00000, 0x00000000f1300000, 0x0000000100000000)
  eden space 49152K, 0% used [0x00000000eab00000,0x00000000eab00000,0x00000000edb00000)
  from space 4096K, 99% used [0x00000000edb00000,0x00000000edefd788,0x00000000edf00000)
  to   space 4096K, 0% used [0x00000000f0f00000,0x00000000f0f00000,0x00000000f1300000)
 ParOldGen       total 65536K, used 10826K [0x00000000c0000000, 0x00000000c4000000, 0x00000000eab00000)
  object space 65536K, 16% used [0x00000000c0000000,0x00000000c0a92b00,0x00000000c4000000)
 Metaspace       used 6305K, capacity 7092K, committed 7296K, reserved 1056768K
  class space    used 606K, capacity 620K, committed 640K, reserved 1048576K
}
Event: 5.748 GC heap before
{Heap before GC invocations=4 (full 0):
 PSYoungGen      total 53248K, used 53237K [0x00000000eab00000, 0x00000000f1300000, 0x0000000100000000)
  eden space 49152K, 100% used [0x00000000eab00000,0x00000000edb00000,0x00000000edb00000)
  from space 4096K, 99% used [0x00000000edb00000,0x00000000edefd788,0x00000000edf00000)
  to   space 4096K, 0% used [0x00000000f0f00000,0x00000000f0f00000,0x00000000f1300000)
 ParOldGen       total 65536K, used 10826K [0x00000000c0000000, 0x00000000c4000000, 0x00000000eab00000)
  object space 65536K, 16% used [0x00000000c0000000,0x00000000c0a92b00,0x00000000c4000000)
 Metaspace       used 6349K, capacity 7156K, committed 7296K, reserved 1056768K
  class space    used 606K, capacity 620K, committed 640K, reserved 1048576K
Event: 6.886 GC heap after
Heap after GC invocations=4 (full 0):
 PSYoungGen      total 102400K, used 4066K [0x00000000eab00000, 0x00000000f1300000, 0x0000000100000000)
  eden space 98304K, 0% used [0x00000000eab00000,0x00000000eab00000,0x00000000f0b00000)
  from space 4096K, 99% used [0x00000000f0f00000,0x00000000f12f8810,0x00000000f1300000)
  to   space 4096K, 0% used [0x00000000f0b00000,0x00000000f0b00000,0x00000000f0f00000)
 ParOldGen       total 65536K, used 18590K [0x00000000c0000000, 0x00000000c4000000, 0x00000000eab00000)
  object space 65536K, 28% used [0x00000000c0000000,0x00000000c1227b58,0x00000000c4000000)
 Metaspace       used 6349K, capacity 7156K, committed 7296K, reserved 1056768K
  class space    used 606K, capacity 620K, committed 640K, reserved 1048576K
}
Event: 13.953 GC heap before
{Heap before GC invocations=5 (full 0):
 PSYoungGen      total 102400K, used 102370K [0x00000000eab00000, 0x00000000f1300000, 0x0000000100000000)
  eden space 98304K, 100% used [0x00000000eab00000,0x00000000f0b00000,0x00000000f0b00000)
  from space 4096K, 99% used [0x00000000f0f00000,0x00000000f12f8810,0x00000000f1300000)
  to   space 4096K, 0% used [0x00000000f0b00000,0x00000000f0b00000,0x00000000f0f00000)
 ParOldGen       total 65536K, used 18590K [0x00000000c0000000, 0x00000000c4000000, 0x00000000eab00000)
  object space 65536K, 28% used [0x00000000c0000000,0x00000000c1227b58,0x00000000c4000000)
 Metaspace       used 6543K, capacity 7256K, committed 7424K, reserved 1056768K
  class space    used 627K, capacity 656K, committed 768K, reserved 1048576K
Event: 14.201 GC heap after
Heap after GC invocations=5 (full 0):
 PSYoungGen      total 102400K, used 4083K [0x00000000eab00000, 0x00000000f9200000, 0x0000000100000000)
  eden space 98304K, 0% used [0x00000000eab00000,0x00000000eab00000,0x00000000f0b00000)
  from space 4096K, 99% used [0x00000000f0b00000,0x00000000f0efcd18,0x00000000f0f00000)
  to   space 19968K, 0% used [0x00000000f7e80000,0x00000000f7e80000,0x00000000f9200000)
 ParOldGen       total 65536K, used 32981K [0x00000000c0000000, 0x00000000c4000000, 0x00000000eab00000)
  object space 65536K, 50% used [0x00000000c0000000,0x00000000c2035468,0x00000000c4000000)
 Metaspace       used 6543K, capacity 7256K, committed 7424K, reserved 1056768K
  class space    used 627K, capacity 656K, committed 768K, reserved 1048576K
}

Deoptimization events (10 events):
Event: 10.074 Thread 0x0000000016a62800 Uncommon trap: reason=bimorphic action=maybe_recompile pc=0x0000000003108b6c method=com.android.dx.rop.code.RegisterSpec.withSimpleType()Lcom/android/dx/rop/code/RegisterSpec; @ 21
Event: 10.078 Thread 0x0000000016a5c000 Uncommon trap: reason=unstable_if action=reinterpret pc=0x00000000031cea9c method=java.util.HashMap.getNode(ILjava/lang/Object;)Ljava/util/HashMap$Node; @ 84
Event: 10.500 Thread 0x0000000016a61800 Uncommon trap: reason=bimorphic action=maybe_recompile pc=0x00000000031d730c method=com.android.dx.cf.code.BytecodeArray.parseInstruction(ILcom/android/dx/cf/code/BytecodeArray$Visitor;)I @ 1130
Event: 10.500 Thread 0x0000000016a61800 Uncommon trap: reason=bimorphic action=maybe_recompile pc=0x00000000031d730c method=com.android.dx.cf.code.BytecodeArray.parseInstruction(ILcom/android/dx/cf/code/BytecodeArray$Visitor;)I @ 1130
Event: 12.038 Thread 0x0000000016a62800 Uncommon trap: reason=unstable_if action=reinterpret pc=0x000000000305ca54 method=com.android.dx.ssa.MoveParamCombiner$1.visitNonMoveInsn(Lcom/android/dx/ssa/NormalSsaInsn;)V @ 27
Event: 12.290 Thread 0x0000000016a61800 Uncommon trap: reason=unstable_if action=reinterpret pc=0x00000000031e96bc method=java.util.HashMap.getNode(ILjava/lang/Object;)Ljava/util/HashMap$Node; @ 84
Event: 13.484 Thread 0x0000000016a61000 Uncommon trap: reason=bimorphic action=maybe_recompile pc=0x0000000003108b6c method=com.android.dx.rop.code.RegisterSpec.withSimpleType()Lcom/android/dx/rop/code/RegisterSpec; @ 21
Event: 13.495 Thread 0x0000000016a61000 Uncommon trap: reason=bimorphic action=maybe_recompile pc=0x0000000003108b6c method=com.android.dx.rop.code.RegisterSpec.withSimpleType()Lcom/android/dx/rop/code/RegisterSpec; @ 21
Event: 13.539 Thread 0x0000000016a61800 Uncommon trap: reason=unstable_if action=reinterpret pc=0x0000000002e92a08 method=java.util.HashMap.putVal(ILjava/lang/Object;Ljava/lang/Object;ZZ)Ljava/lang/Object; @ 162
Event: 13.559 Thread 0x0000000016a62800 Uncommon trap: reason=unstable_if action=reinterpret pc=0x000000000315a7bc method=java.util.HashMap.resize()[Ljava/util/HashMap$Node; @ 206

Internal exceptions (5 events):
Event: 0.101 Thread 0x0000000002940800 Exception <a 'java/lang/NoSuchMethodError': Method sun.misc.Unsafe.defineClass(Ljava/lang/String;[BII)Ljava/lang/Class; name or signature does not match> (0x00000000eab07cc0) thrown at [C:\re\workspace\8-2-build-windows-amd64-cygwin\jdk8u91\7017\hotspot\srÜÃÓó¬ù¹?
Event: 0.101 Thread 0x0000000002940800 Exception <a 'java/lang/NoSuchMethodError': Method sun.misc.Unsafe.prefetchRead(Ljava/lang/Object;J)V name or signature does not match> (0x00000000eab07fa8) thrown at [C:\re\workspace\8-2-build-windows-amd64-cygwin\jdk8u91\7017\hotspot\src\share\vm\prims\jÿ¥¥(@
Event: 7.040 Thread 0x0000000002940800 Exception <a 'java/lang/ArrayIndexOutOfBoundsException': 18> (0x00000000eb113550) thrown at [C:\re\workspace\8-2-build-windows-amd64-cygwin\jdk8u91\7017\hotspot\src\share\vm\interpreter\interpreterRuntime.cpp, line 366]
Event: 7.041 Thread 0x0000000002940800 Exception <a 'java/lang/ArrayIndexOutOfBoundsException'> (0x00000000eb1150d0) thrown at [C:\re\workspace\8-2-build-windows-amd64-cygwin\jdk8u91\7017\hotspot\src\share\vm\runtime\sharedRuntime.cpp, line 605]
Event: 7.051 Thread 0x0000000002940800 Exception <a 'java/lang/ArrayIndexOutOfBoundsException'> (0x00000000eb1163b8) thrown at [C:\re\workspace\8-2-build-windows-amd64-cygwin\jdk8u91\7017\hotspot\src\share\vm\runtime\sharedRuntime.cpp, line 605]

Events (10 events):
Event: 14.202 Thread 0x0000000016a5c000 DEOPT PACKING pc=0x0000000002e9efa1 sp=0x00000000170eebb0
Event: 14.202 Thread 0x0000000016a5c000 DEOPT UNPACKING pc=0x0000000002a8787f sp=0x00000000170ee9e0 mode 0
Event: 14.231 Thread 0x0000000016a61000 DEOPT PACKING pc=0x0000000002e9f359 sp=0x00000000172ee440
Event: 14.231 Thread 0x0000000016a61000 DEOPT UNPACKING pc=0x0000000002a8787f sp=0x00000000172ee270 mode 0
Event: 14.289 Thread 0x0000000016a5c000 DEOPT PACKING pc=0x0000000002e9efa1 sp=0x00000000170eebb0
Event: 14.289 Thread 0x0000000016a5c000 DEOPT UNPACKING pc=0x0000000002a8787f sp=0x00000000170ee9e0 mode 0
Event: 14.304 Thread 0x0000000002940800 DEOPT PACKING pc=0x000000000312d7d1 sp=0x000000000293ecf0
Event: 14.304 Thread 0x0000000002940800 DEOPT UNPACKING pc=0x0000000002a8787f sp=0x000000000293e9b8 mode 0
Event: 14.470 Thread 0x0000000002940800 DEOPT PACKING pc=0x0000000002ed784e sp=0x000000000293e0f0
Event: 14.470 Thread 0x0000000002940800 DEOPT UNPACKING pc=0x0000000002a8787f sp=0x000000000293df30 mode 0


Dynamic libraries:
0x00007ff78caa0000 - 0x00007ff78cad7000 	F:\javaJDk\jdk1.8.0_91\bin\java.exe
0x00007ffcc51f0000 - 0x00007ffcc53c1000 	C:\WINDOWS\SYSTEM32\ntdll.dll
0x00007ffcc2e90000 - 0x00007ffcc2f3b000 	C:\WINDOWS\System32\KERNEL32.DLL
0x00007ffcc16e0000 - 0x00007ffcc18fd000 	C:\WINDOWS\System32\KERNELBASE.dll
0x00007ffcc2800000 - 0x00007ffcc28a2000 	C:\WINDOWS\System32\ADVAPI32.dll
0x00007ffcc3020000 - 0x00007ffcc30be000 	C:\WINDOWS\System32\msvcrt.dll
0x00007ffcc4eb0000 - 0x00007ffcc4f09000 	C:\WINDOWS\System32\sechost.dll
0x00007ffcc3120000 - 0x00007ffcc3241000 	C:\WINDOWS\System32\RPCRT4.dll
0x00007ffcc4d40000 - 0x00007ffcc4ea5000 	C:\WINDOWS\System32\USER32.dll
0x00007ffcc2590000 - 0x00007ffcc25ae000 	C:\WINDOWS\System32\win32u.dll
0x00007ffcc4f10000 - 0x00007ffcc4f44000 	C:\WINDOWS\System32\GDI32.dll
0x00007ffcc1d20000 - 0x00007ffcc1ea2000 	C:\WINDOWS\System32\gdi32full.dll
0x00007ffcb88d0000 - 0x00007ffcb8b49000 	C:\WINDOWS\WinSxS\amd64_microsoft.windows.common-controls_6595b64144ccf1df_6.0.14393.0_none_2d0f50fcbdb171b8\COMCTL32.dll
0x00007ffcc2a90000 - 0x00007ffcc2d57000 	C:\WINDOWS\System32\combase.dll
0x00007ffcc1c20000 - 0x00007ffcc1d15000 	C:\WINDOWS\System32\ucrtbase.dll
0x00007ffcc1b60000 - 0x00007ffcc1bca000 	C:\WINDOWS\System32\bcryptPrimitives.dll
0x00007ffcc4780000 - 0x00007ffcc47ae000 	C:\WINDOWS\System32\IMM32.DLL
0x0000000056260000 - 0x0000000056332000 	F:\javaJDk\jdk1.8.0_91\jre\bin\msvcr100.dll
0x00000000566e0000 - 0x0000000056f73000 	F:\javaJDk\jdk1.8.0_91\jre\bin\server\jvm.dll
0x00007ffcc2e80000 - 0x00007ffcc2e88000 	C:\WINDOWS\System32\PSAPI.DLL
0x00007ffcb8fb0000 - 0x00007ffcb8fb9000 	C:\WINDOWS\SYSTEM32\WSOCK32.dll
0x00007ffcc2f50000 - 0x00007ffcc2fba000 	C:\WINDOWS\System32\WS2_32.dll
0x00007ffcbf9d0000 - 0x00007ffcbf9f3000 	C:\WINDOWS\SYSTEM32\WINMM.dll
0x00007ffcb45a0000 - 0x00007ffcb45aa000 	C:\WINDOWS\SYSTEM32\VERSION.dll
0x00007ffcbf600000 - 0x00007ffcbf62b000 	C:\WINDOWS\SYSTEM32\WINMMBASE.dll
0x00007ffcc1bd0000 - 0x00007ffcc1c12000 	C:\WINDOWS\System32\cfgmgr32.dll
0x00000000566d0000 - 0x00000000566df000 	F:\javaJDk\jdk1.8.0_91\jre\bin\verify.dll
0x00000000566a0000 - 0x00000000566c9000 	F:\javaJDk\jdk1.8.0_91\jre\bin\java.dll
0x0000000056680000 - 0x0000000056696000 	F:\javaJDk\jdk1.8.0_91\jre\bin\zip.dll
0x00007ffcc3270000 - 0x00007ffcc4778000 	C:\WINDOWS\System32\SHELL32.dll
0x00007ffcc1eb0000 - 0x00007ffcc258a000 	C:\WINDOWS\System32\windows.storage.dll
0x00007ffcc1680000 - 0x00007ffcc16cc000 	C:\WINDOWS\System32\powrprof.dll
0x00007ffcc30c0000 - 0x00007ffcc3112000 	C:\WINDOWS\System32\shlwapi.dll
0x00007ffcc16d0000 - 0x00007ffcc16df000 	C:\WINDOWS\System32\kernel.appcore.dll
0x00007ffcc1900000 - 0x00007ffcc19a9000 	C:\WINDOWS\System32\shcore.dll
0x00007ffcc1660000 - 0x00007ffcc1674000 	C:\WINDOWS\System32\profapi.dll

VM Arguments:
jvm_args: -Djava.awt.headless=true -Xmx1024M -Dfile.encoding=GBK -Duser.country=CN -Duser.language=zh -Duser.variant 
java_command: com.android.dx.command.Main --dex --force-jumbo --num-threads=4 --multi-dex --output F:\android\Group6Project\app\build\intermediates\transforms\dex\debug\folders\1000\10\com.android.support-appcompat-v7-23.1.1_9477a135ac1645775d801f13c3827af8d51c40a9 F:\android\Group6Project\app\build\intermediates\exploded-aar\com.android.support\appcompat-v7\23.1.1\jars\classes.jar
java_class_path (initial): F:\android\SDK\build-tools\24.0.1\lib\dx.jar
Launcher Type: SUN_STANDARD

Environment Variables:
JAVA_HOME=F:\javaJDk\jdk1.8.0_91
CLASSPATH=.;F:\javaJDk\jdk1.8.0_91\jre
PATH=C:\WINDOWS\system32;C:\WINDOWS;C:\WINDOWS\System32\Wbem;C:\WINDOWS\System32\WindowsPowerShell\v1.0\;C:\Program Files (x86)\MySQL\MySQL Server 5.0\bin;G:\SVN\TortoiseSVN\bin;G:\git\tortoisegit\bin;F:\javaJDk\jdk1.8.0_91\bin
USERNAME=²©²©
OS=Windows_NT
PROCESSOR_IDENTIFIER=Intel64 Family 6 Model 69 Stepping 1, GenuineIntel



---------------  S Y S T E M  ---------------

OS: Windows 10.0 , 64 bit Build 14393 (10.0.14393.0)

CPU:total 4 (2 cores per cpu, 2 threads per core) family 6 model 69 stepping 1, cmov, cx8, fxsr, mmx, sse, sse2, sse3, ssse3, sse4.1, sse4.2, popcnt, avx, avx2, aes, clmul, erms, lzcnt, ht, tsc, tscinvbit, bmi1, bmi2

Memory: 4k page, physical 6169560k(414676k free), swap 14375260k(5156k free)

vm_info: Java HotSpot(TM) 64-Bit Server VM (25.91-b15) for windows-amd64 JRE (1.8.0_91-b15), built on May 20 2016 17:43:15 by "java_re" with MS VC++ 10.0 (VS2010)

time: Thu Oct 20 21:51:33 2016
elapsed time: 14 seconds (0d 0h 0m 14s)

