#
# There is insufficient memory for the Java Runtime Environment to continue.
# Native memory allocation (malloc) failed to allocate 1165216 bytes for Chunk::new
# Possible reasons:
#   The system is out of physical RAM or swap space
#   In 32 bit mode, the process size limit was hit
# Possible solutions:
#   Reduce memory load on the system
#   Increase physical memory or swap space
#   Check if swap backing store is full
#   Use 64 bit Java on a 64 bit OS
#   Decrease Java heap size (-Xmx/-Xms)
#   Decrease number of Java threads
#   Decrease Java thread stack sizes (-Xss)
#   Set larger code cache with -XX:ReservedCodeCacheSize=
# This output file may be truncated or incomplete.
#
#  Out of Memory Error (allocation.cpp:390), pid=27104, tid=12112
#
# JRE version: Java(TM) SE Runtime Environment (8.0_91-b15) (build 1.8.0_91-b15)
# Java VM: Java HotSpot(TM) 64-Bit Server VM (25.91-b15 mixed mode windows-amd64 compressed oops)
# Failed to write core dump. Minidumps are not enabled by default on client versions of Windows
#

---------------  T H R E A D  ---------------

Current thread (0x0000000014fbd000):  JavaThread "C2 CompilerThread1" daemon [_thread_in_native, id=12112, stack(0x0000000016a20000,0x0000000016b20000)]

Stack: [0x0000000016a20000,0x0000000016b20000]
[error occurred during error reporting (printing stack bounds), id 0xc0000005]

Native frames: (J=compiled Java code, j=interpreted, Vv=VM code, C=native code)


Current CompileTask:
C2:  14614 1778       4       com.android.dx.dex.code.OutputFinisher::addConstants (93 bytes)


---------------  P R O C E S S  ---------------

Java Threads: ( => current thread )
  0x0000000016892800 JavaThread "pool-1-thread-1" [_thread_in_vm, id=31232, stack(0x0000000018af0000,0x0000000018bf0000)]
  0x000000001667c000 JavaThread "Service Thread" daemon [_thread_blocked, id=21396, stack(0x0000000016c20000,0x0000000016d20000)]
  0x0000000014fbe800 JavaThread "C1 CompilerThread2" daemon [_thread_blocked, id=17312, stack(0x0000000016b20000,0x0000000016c20000)]
=>0x0000000014fbd000 JavaThread "C2 CompilerThread1" daemon [_thread_in_native, id=12112, stack(0x0000000016a20000,0x0000000016b20000)]
  0x0000000014fb9000 JavaThread "C2 CompilerThread0" daemon [_thread_in_native, id=8032, stack(0x0000000016520000,0x0000000016620000)]
  0x0000000014f6d800 JavaThread "Attach Listener" daemon [_thread_blocked, id=9972, stack(0x0000000016420000,0x0000000016520000)]
  0x0000000014f6d000 JavaThread "Signal Dispatcher" daemon [_thread_blocked, id=34568, stack(0x0000000016320000,0x0000000016420000)]
  0x0000000002884800 JavaThread "Finalizer" daemon [_thread_blocked, id=31012, stack(0x00000000161c0000,0x00000000162c0000)]
  0x000000000287f000 JavaThread "Reference Handler" daemon [_thread_blocked, id=19308, stack(0x00000000160c0000,0x00000000161c0000)]
  0x0000000002790800 JavaThread "main" [_thread_blocked, id=18916, stack(0x00000000022d0000,0x00000000023d0000)]

Other Threads:
  0x0000000014f28000 VMThread [stack: 0x0000000015fc0000,0x00000000160c0000] [id=4572]
  0x00000000166e5000 WatcherThread [stack: 0x0000000016d20000,0x0000000016e20000] [id=2664]

VM state:not at safepoint (normal execution)

VM Mutex/Monitor currently owned by a thread: None

Heap:
 PSYoungGen      total 53248K, used 50000K [0x00000000eab00000, 0x00000000f1300000, 0x0000000100000000)
  eden space 49152K, 93% used [0x00000000eab00000,0x00000000ed7d9c88,0x00000000edb00000)
  from space 4096K, 99% used [0x00000000edb00000,0x00000000edefa3c8,0x00000000edf00000)
  to   space 4096K, 0% used [0x00000000f0f00000,0x00000000f0f00000,0x00000000f1300000)
 ParOldGen       total 65536K, used 11394K [0x00000000c0000000, 0x00000000c4000000, 0x00000000eab00000)
  object space 65536K, 17% used [0x00000000c0000000,0x00000000c0b208b0,0x00000000c4000000)
 Metaspace       used 6298K, capacity 7128K, committed 7424K, reserved 1056768K
  class space    used 607K, capacity 656K, committed 768K, reserved 1048576K

Card table byte_map: [0x0000000011c50000,0x0000000011e60000] byte_map_base: 0x0000000011650000

Marking Bits: (ParMarkBitMap*) 0x0000000056ef2f70
 Begin Bits: [0x00000000123c0000, 0x00000000133c0000)
 End Bits:   [0x00000000133c0000, 0x00000000143c0000)

Polling page: 0x0000000000b70000

CodeCache: size=245760Kb used=8074Kb max_used=8074Kb free=237685Kb
 bounds [0x0000000002890000, 0x0000000003080000, 0x0000000011890000]
 total_blobs=1996 nmethods=1725 adapters=184
 compilation: enabled

Compilation events (10 events):
Event: 14.565 Thread 0x0000000014fbe800 nmethod 1776 0x00000000030756d0 code [0x0000000003075840, 0x0000000003075a48]
Event: 14.565 Thread 0x0000000014fbd000 1777       4       com.android.dx.rop.code.BasicBlock::getLastInsn (8 bytes)
Event: 14.566 Thread 0x0000000014fbd000 nmethod 1777 0x0000000003073dd0 code [0x0000000003073f20, 0x0000000003074018]
Event: 14.567 Thread 0x0000000014fbd000 1778       4       com.android.dx.dex.code.OutputFinisher::addConstants (93 bytes)
Event: 14.576 Thread 0x0000000014fbe800 1779       3       com.android.dx.dex.file.DexFile::internIfAppropriate (128 bytes)
Event: 14.577 Thread 0x0000000014fbe800 nmethod 1779 0x0000000003077610 code [0x00000000030778a0, 0x0000000003078e18]
Event: 14.577 Thread 0x0000000014fbe800 1780       3       com.android.dx.dex.code.OutputFinisher::getAllConstants (47 bytes)
Event: 14.578 Thread 0x0000000014fbe800 nmethod 1780 0x00000000030745d0 code [0x0000000003074800, 0x0000000003075168]
Event: 14.578 Thread 0x0000000014fbe800 1781   !   3       com.android.dx.rop.cst.CstType::intern (48 bytes)
Event: 14.579 Thread 0x0000000014fbe800 nmethod 1781 0x0000000003076110 code [0x0000000003076320, 0x0000000003076f48]

GC Heap History (6 events):
Event: 2.751 GC heap before
{Heap before GC invocations=1 (full 0):
 PSYoungGen      total 28672K, used 24576K [0x00000000eab00000, 0x00000000ecb00000, 0x0000000100000000)
  eden space 24576K, 100% used [0x00000000eab00000,0x00000000ec300000,0x00000000ec300000)
  from space 4096K, 0% used [0x00000000ec700000,0x00000000ec700000,0x00000000ecb00000)
  to   space 4096K, 0% used [0x00000000ec300000,0x00000000ec300000,0x00000000ec700000)
 ParOldGen       total 65536K, used 0K [0x00000000c0000000, 0x00000000c4000000, 0x00000000eab00000)
  object space 65536K, 0% used [0x00000000c0000000,0x00000000c0000000,0x00000000c4000000)
 Metaspace       used 5964K, capacity 6836K, committed 7040K, reserved 1056768K
  class space    used 599K, capacity 620K, committed 640K, reserved 1048576K
Event: 3.120 GC heap after
Heap after GC invocations=1 (full 0):
 PSYoungGen      total 28672K, used 4079K [0x00000000eab00000, 0x00000000ee300000, 0x0000000100000000)
  eden space 24576K, 0% used [0x00000000eab00000,0x00000000eab00000,0x00000000ec300000)
  from space 4096K, 99% used [0x00000000ec300000,0x00000000ec6fbc88,0x00000000ec700000)
  to   space 4096K, 0% used [0x00000000edf00000,0x00000000edf00000,0x00000000ee300000)
 ParOldGen       total 65536K, used 1331K [0x00000000c0000000, 0x00000000c4000000, 0x00000000eab00000)
  object space 65536K, 2% used [0x00000000c0000000,0x00000000c014ce48,0x00000000c4000000)
 Metaspace       used 5964K, capacity 6836K, committed 7040K, reserved 1056768K
  class space    used 599K, capacity 620K, committed 640K, reserved 1048576K
}
Event: 4.439 GC heap before
{Heap before GC invocations=2 (full 0):
 PSYoungGen      total 28672K, used 28655K [0x00000000eab00000, 0x00000000ee300000, 0x0000000100000000)
  eden space 24576K, 100% used [0x00000000eab00000,0x00000000ec300000,0x00000000ec300000)
  from space 4096K, 99% used [0x00000000ec300000,0x00000000ec6fbc88,0x00000000ec700000)
  to   space 4096K, 0% used [0x00000000edf00000,0x00000000edf00000,0x00000000ee300000)
 ParOldGen       total 65536K, used 1331K [0x00000000c0000000, 0x00000000c4000000, 0x00000000eab00000)
  object space 65536K, 2% used [0x00000000c0000000,0x00000000c014ce48,0x00000000c4000000)
 Metaspace       used 6118K, capacity 6964K, committed 7040K, reserved 1056768K
  class space    used 599K, capacity 620K, committed 640K, reserved 1048576K
Event: 5.323 GC heap after
Heap after GC invocations=2 (full 0):
 PSYoungGen      total 53248K, used 4090K [0x00000000eab00000, 0x00000000ee300000, 0x0000000100000000)
  eden space 49152K, 0% used [0x00000000eab00000,0x00000000eab00000,0x00000000edb00000)
  from space 4096K, 99% used [0x00000000edf00000,0x00000000ee2feaf8,0x00000000ee300000)
  to   space 4096K, 0% used [0x00000000edb00000,0x00000000edb00000,0x00000000edf00000)
 ParOldGen       total 65536K, used 5019K [0x00000000c0000000, 0x00000000c4000000, 0x00000000eab00000)
  object space 65536K, 7% used [0x00000000c0000000,0x00000000c04e6fd0,0x00000000c4000000)
 Metaspace       used 6118K, capacity 6964K, committed 7040K, reserved 1056768K
  class space    used 599K, capacity 620K, committed 640K, reserved 1048576K
}
Event: 10.072 GC heap before
{Heap before GC invocations=3 (full 0):
 PSYoungGen      total 53248K, used 53242K [0x00000000eab00000, 0x00000000ee300000, 0x0000000100000000)
  eden space 49152K, 100% used [0x00000000eab00000,0x00000000edb00000,0x00000000edb00000)
  from space 4096K, 99% used [0x00000000edf00000,0x00000000ee2feaf8,0x00000000ee300000)
  to   space 4096K, 0% used [0x00000000edb00000,0x00000000edb00000,0x00000000edf00000)
 ParOldGen       total 65536K, used 5019K [0x00000000c0000000, 0x00000000c4000000, 0x00000000eab00000)
  object space 65536K, 7% used [0x00000000c0000000,0x00000000c04e6fd0,0x00000000c4000000)
 Metaspace       used 6211K, capacity 7028K, committed 7296K, reserved 1056768K
  class space    used 599K, capacity 620K, committed 640K, reserved 1048576K
Event: 10.492 GC heap after
Heap after GC invocations=3 (full 0):
 PSYoungGen      total 53248K, used 4072K [0x00000000eab00000, 0x00000000f1300000, 0x0000000100000000)
  eden space 49152K, 0% used [0x00000000eab00000,0x00000000eab00000,0x00000000edb00000)
  from space 4096K, 99% used [0x00000000edb00000,0x00000000edefa3c8,0x00000000edf00000)
  to   space 4096K, 0% used [0x00000000f0f00000,0x00000000f0f00000,0x00000000f1300000)
 ParOldGen       total 65536K, used 11394K [0x00000000c0000000, 0x00000000c4000000, 0x00000000eab00000)
  object space 65536K, 17% used [0x00000000c0000000,0x00000000c0b208b0,0x00000000c4000000)
 Metaspace       used 6211K, capacity 7028K, committed 7296K, reserved 1056768K
  class space    used 599K, capacity 620K, committed 640K, reserved 1048576K
}

Deoptimization events (10 events):
Event: 14.484 Thread 0x0000000016892800 Uncommon trap: reason=class_check action=maybe_recompile pc=0x0000000002d0e948 method=java.util.Arrays.hashCode([Ljava/lang/Object;)I @ 43
Event: 14.484 Thread 0x0000000016892800 Uncommon trap: reason=class_check action=maybe_recompile pc=0x0000000002d0e948 method=java.util.Arrays.hashCode([Ljava/lang/Object;)I @ 43
Event: 14.484 Thread 0x0000000016892800 Uncommon trap: reason=class_check action=maybe_recompile pc=0x0000000002d0e948 method=java.util.Arrays.hashCode([Ljava/lang/Object;)I @ 43
Event: 14.484 Thread 0x0000000016892800 Uncommon trap: reason=class_check action=maybe_recompile pc=0x0000000002d0e374 method=java.util.Arrays.hashCode([Ljava/lang/Object;)I @ 43
Event: 14.514 Thread 0x0000000016892800 Uncommon trap: reason=bimorphic action=maybe_recompile pc=0x0000000002b0a7b8 method=java.util.HashMap.getNode(ILjava/lang/Object;)Ljava/util/HashMap$Node; @ 126
Event: 14.514 Thread 0x0000000016892800 Uncommon trap: reason=class_check action=maybe_recompile pc=0x0000000002c9e690 method=java.util.HashMap.putVal(ILjava/lang/Object;Ljava/lang/Object;ZZ)Ljava/lang/Object; @ 203
Event: 14.514 Thread 0x0000000016892800 Uncommon trap: reason=bimorphic action=maybe_recompile pc=0x0000000002b0a7b8 method=java.util.HashMap.getNode(ILjava/lang/Object;)Ljava/util/HashMap$Node; @ 126
Event: 14.514 Thread 0x0000000016892800 Uncommon trap: reason=class_check action=maybe_recompile pc=0x0000000002c9e690 method=java.util.HashMap.putVal(ILjava/lang/Object;Ljava/lang/Object;ZZ)Ljava/lang/Object; @ 203
Event: 14.514 Thread 0x0000000016892800 Uncommon trap: reason=bimorphic action=maybe_recompile pc=0x0000000002b07160 method=java.util.HashMap.getNode(ILjava/lang/Object;)Ljava/util/HashMap$Node; @ 126
Event: 14.550 Thread 0x0000000016892800 Uncommon trap: reason=unstable_if action=reinterpret pc=0x000000000306cdc4 method=java.util.HashMap.putVal(ILjava/lang/Object;Ljava/lang/Object;ZZ)Ljava/lang/Object; @ 94

Internal exceptions (2 events):
Event: 0.056 Thread 0x0000000002790800 Exception <a 'java/lang/NoSuchMethodError': Method sun.misc.Unsafe.defineClass(Ljava/lang/String;[BII)Ljava/lang/Class; name or signature does not match> (0x00000000eab07cc0) thrown at [C:\re\workspace\8-2-build-windows-amd64-cygwin\jdk8u91\7017\hotspot\srqœ.èú¨?
Event: 0.056 Thread 0x0000000002790800 Exception <a 'java/lang/NoSuchMethodError': Method sun.misc.Unsafe.prefetchRead(Ljava/lang/Object;J)V name or signature does not match> (0x00000000eab07fa8) thrown at [C:\re\workspace\8-2-build-windows-amd64-cygwin\jdk8u91\7017\hotspot\src\share\vm\prims\j

Events (10 events):
Event: 14.514 Thread 0x0000000016892800 DEOPT PACKING pc=0x0000000002c9e690 sp=0x0000000018beef60
Event: 14.514 Thread 0x0000000016892800 DEOPT UNPACKING pc=0x00000000028d582a sp=0x0000000018beeee8 mode 2
Event: 14.514 Thread 0x0000000016892800 Uncommon trap: trap_request=0xffffffc6 fr.pc=0x0000000002b07160
Event: 14.514 Thread 0x0000000016892800 DEOPT PACKING pc=0x0000000002b07160 sp=0x0000000018beef70
Event: 14.514 Thread 0x0000000016892800 DEOPT UNPACKING pc=0x00000000028d582a sp=0x0000000018beeef8 mode 2
Event: 14.550 Thread 0x0000000016892800 Uncommon trap: trap_request=0xffffff65 fr.pc=0x000000000306cdc4
Event: 14.550 Thread 0x0000000016892800 DEOPT PACKING pc=0x000000000306cdc4 sp=0x0000000018beede0
Event: 14.550 Thread 0x0000000016892800 DEOPT UNPACKING pc=0x00000000028d582a sp=0x0000000018beed70 mode 2
Event: 14.557 loading class com/android/dx/dex/file/CatchStructs
Event: 14.557 loading class com/android/dx/dex/file/CatchStructs done


Dynamic libraries:
0x00007ff78caa0000 - 0x00007ff78cad7000 	F:\javaJDk\jdk1.8.0_91\bin\java.exe
0x00007ffcc51f0000 - 0x00007ffcc53c1000 	C:\WINDOWS\SYSTEM32\ntdll.dll
0x00007ffcc2e90000 - 0x00007ffcc2f3b000 	C:\WINDOWS\System32\KERNEL32.DLL
0x00007ffcc16e0000 - 0x00007ffcc18fd000 	C:\WINDOWS\System32\KERNELBASE.dll
0x00007ffcc2800000 - 0x00007ffcc28a2000 	C:\WINDOWS\System32\ADVAPI32.dll
0x00007ffcc3020000 - 0x00007ffcc30be000 	C:\WINDOWS\System32\msvcrt.dll
0x00007ffcc4eb0000 - 0x00007ffcc4f09000 	C:\WINDOWS\System32\sechost.dll
0x00007ffcc3120000 - 0x00007ffcc3241000 	C:\WINDOWS\System32\RPCRT4.dll
0x00007ffcc4d40000 - 0x00007ffcc4ea5000 	C:\WINDOWS\System32\USER32.dll
0x00007ffcc2590000 - 0x00007ffcc25ae000 	C:\WINDOWS\System32\win32u.dll
0x00007ffcc4f10000 - 0x00007ffcc4f44000 	C:\WINDOWS\System32\GDI32.dll
0x00007ffcc1d20000 - 0x00007ffcc1ea2000 	C:\WINDOWS\System32\gdi32full.dll
0x00007ffcb88d0000 - 0x00007ffcb8b49000 	C:\WINDOWS\WinSxS\amd64_microsoft.windows.common-controls_6595b64144ccf1df_6.0.14393.0_none_2d0f50fcbdb171b8\COMCTL32.dll
0x00007ffcc2a90000 - 0x00007ffcc2d57000 	C:\WINDOWS\System32\combase.dll
0x00007ffcc1c20000 - 0x00007ffcc1d15000 	C:\WINDOWS\System32\ucrtbase.dll
0x00007ffcc1b60000 - 0x00007ffcc1bca000 	C:\WINDOWS\System32\bcryptPrimitives.dll
0x00007ffcc4780000 - 0x00007ffcc47ae000 	C:\WINDOWS\System32\IMM32.DLL
0x0000000056260000 - 0x0000000056332000 	F:\javaJDk\jdk1.8.0_91\jre\bin\msvcr100.dll
0x00000000566e0000 - 0x0000000056f73000 	F:\javaJDk\jdk1.8.0_91\jre\bin\server\jvm.dll
0x00007ffcc2e80000 - 0x00007ffcc2e88000 	C:\WINDOWS\System32\PSAPI.DLL
0x00007ffcb8fb0000 - 0x00007ffcb8fb9000 	C:\WINDOWS\SYSTEM32\WSOCK32.dll
0x00007ffcbf9d0000 - 0x00007ffcbf9f3000 	C:\WINDOWS\SYSTEM32\WINMM.dll
0x00007ffcc2f50000 - 0x00007ffcc2fba000 	C:\WINDOWS\System32\WS2_32.dll
0x00007ffcb45a0000 - 0x00007ffcb45aa000 	C:\WINDOWS\SYSTEM32\VERSION.dll
0x00007ffcbf600000 - 0x00007ffcbf62b000 	C:\WINDOWS\SYSTEM32\WINMMBASE.dll
0x00007ffcc1bd0000 - 0x00007ffcc1c12000 	C:\WINDOWS\System32\cfgmgr32.dll
0x00000000566d0000 - 0x00000000566df000 	F:\javaJDk\jdk1.8.0_91\jre\bin\verify.dll
0x00000000566a0000 - 0x00000000566c9000 	F:\javaJDk\jdk1.8.0_91\jre\bin\java.dll
0x0000000056680000 - 0x0000000056696000 	F:\javaJDk\jdk1.8.0_91\jre\bin\zip.dll
0x00007ffcc3270000 - 0x00007ffcc4778000 	C:\WINDOWS\System32\SHELL32.dll
0x00007ffcc1eb0000 - 0x00007ffcc258a000 	C:\WINDOWS\System32\windows.storage.dll
0x00007ffcc1680000 - 0x00007ffcc16cc000 	C:\WINDOWS\System32\powrprof.dll
0x00007ffcc30c0000 - 0x00007ffcc3112000 	C:\WINDOWS\System32\shlwapi.dll
0x00007ffcc16d0000 - 0x00007ffcc16df000 	C:\WINDOWS\System32\kernel.appcore.dll
0x00007ffcc1900000 - 0x00007ffcc19a9000 	C:\WINDOWS\System32\shcore.dll
0x00007ffcc1660000 - 0x00007ffcc1674000 	C:\WINDOWS\System32\profapi.dll

VM Arguments:
jvm_args: -Djava.awt.headless=true -Xmx1024M -Dfile.encoding=GBK -Duser.country=CN -Duser.language=zh -Duser.variant 
java_command: com.android.dx.command.Main --dex --force-jumbo --num-threads=4 --multi-dex --output F:\android\Group6Project\app\build\intermediates\transforms\dex\debug\folders\1000\2\MobTools-2016.0921.1136_a007518acd12b31d5996a32487deb0a4c2074dc5 F:\android\Group6Project\app\lib\MobTools-2016.0921.1136.jar
java_class_path (initial): F:\android\SDK\build-tools\24.0.1\lib\dx.jar
Launcher Type: SUN_STANDARD

Environment Variables:
JAVA_HOME=F:\javaJDk\jdk1.8.0_91
CLASSPATH=.;F:\javaJDk\jdk1.8.0_91\jre
PATH=C:\WINDOWS\system32;C:\WINDOWS;C:\WINDOWS\System32\Wbem;C:\WINDOWS\System32\WindowsPowerShell\v1.0\;C:\Program Files (x86)\MySQL\MySQL Server 5.0\bin;G:\SVN\TortoiseSVN\bin;G:\git\tortoisegit\bin;F:\javaJDk\jdk1.8.0_91\bin
USERNAME=≤©≤©
OS=Windows_NT
PROCESSOR_IDENTIFIER=Intel64 Family 6 Model 69 Stepping 1, GenuineIntel



---------------  S Y S T E M  ---------------

OS: Windows 10.0 , 64 bit Build 14393 (10.0.14393.0)

CPU:total 4 (2 cores per cpu, 2 threads per core) family 6 model 69 stepping 1, cmov, cx8, fxsr, mmx, sse, sse2, sse3, ssse3, sse4.1, sse4.2, popcnt, avx, avx2, aes, clmul, erms, lzcnt, ht, tsc, tscinvbit, bmi1, bmi2

Memory: 4k page, physical 6169560k(413028k free), swap 14375260k(5432k free)

vm_info: Java HotSpot(TM) 64-Bit Server VM (25.91-b15) for windows-amd64 JRE (1.8.0_91-b15), built on May 20 2016 17:43:15 by "java_re" with MS VC++ 10.0 (VS2010)

time: Thu Oct 20 21:51:33 2016
elapsed time: 14 seconds (0d 0h 0m 14s)

